<?xml version="1.0" encoding="UTF-8"?>
<!-- Generated by org.testng.reporters.JUnitXMLReporter -->
<testsuite hostname="REM-L-SINGHH" ignored="0" name="Default test" tests="7" failures="0" timestamp="23 Jul 2019 17:09:32 GMT" time="106.522" errors="0">
  <testcase name="logInWithPartnerCustomerAdmin" time="23.349" classname="VW_TC.TC0004_login_With_Partner_Customer_Admin"/>
  <testcase name="headerMandatoryDetails" time="0.425" classname="VW_TC.TC0004_login_With_Partner_Customer_Admin"/>
  <testcase name="footerMandatoryDetails" time="0.321" classname="VW_TC.TC0004_login_With_Partner_Customer_Admin"/>
  <testcase name="dashBoardTabValidation" time="3.195" classname="VW_TC.TC0004_login_With_Partner_Customer_Admin"/>
  <testcase name="alertTabValidation" time="2.418" classname="VW_TC.TC0004_login_With_Partner_Customer_Admin"/>
  <testcase name="tagTabValidation" time="13.48" classname="VW_TC.TC0004_login_With_Partner_Customer_Admin"/>
  <testcase name="scriptTabValidation" time="34.821" classname="VW_TC.TC0004_login_With_Partner_Customer_Admin"/>
</testsuite> <!-- Default test -->
