<?xml version="1.0" encoding="UTF-8"?>
<!-- Generated by org.testng.reporters.JUnitXMLReporter -->
<testsuite hostname="REM-L-SINGHH" ignored="0" name="Test Case: 000- Login Page Verification " tests="2" failures="0" timestamp="04 Jul 2019 07:19:35 GMT" time="57.113" errors="0">
  <testcase name="logInWithExpirixAdmin" time="27.781" classname="VW_TC.TC0000_Debug_Testing"/>
  <testcase name="testTabValidation" time="8.569" classname="VW_TC.TC0000_Debug_Testing"/>
</testsuite> <!-- Test Case: 000- Login Page Verification  -->
