<?xml version="1.0" encoding="UTF-8"?>
<!-- Generated by org.testng.reporters.JUnitXMLReporter -->
<testsuite hostname="REM-L-SINGHH" ignored="0" name="Test Case: 004 - Test Case Login with &#039;Partner Customer Admin&#039; Credetials and verify TabAvailablity" tests="6" failures="0" timestamp="07 Jul 2019 10:54:35 GMT" time="253.869" errors="0">
  <testcase name="logInWithPartnerCustomerAdmin" time="14.434" classname="VW_TC.TC0004_login_With_Partner_Customer_Admin"/>
  <testcase name="headerMandatoryDetails" time="0.533" classname="VW_TC.TC0004_login_With_Partner_Customer_Admin"/>
  <testcase name="footerMandatoryDetails" time="0.312" classname="VW_TC.TC0004_login_With_Partner_Customer_Admin"/>
  <testcase name="dashBoardTabValidation" time="2.634" classname="VW_TC.TC0004_login_With_Partner_Customer_Admin"/>
  <testcase name="alertTabValidation" time="2.048" classname="VW_TC.TC0004_login_With_Partner_Customer_Admin"/>
  <testcase name="testTabValidation" time="212.293" classname="VW_TC.TC0004_login_With_Partner_Customer_Admin"/>
</testsuite> <!-- Test Case: 004 - Test Case Login with 'Partner Customer Admin' Credetials and verify TabAvailablity -->
