<?xml version="1.0" encoding="UTF-8"?>
<!-- Generated by org.testng.reporters.JUnitXMLReporter -->
<testsuite hostname="REM-L-SINGHH" ignored="0" name="002: Test Case Login with &#039;Empirix Admin&#039; Credetials&#039;and verify TabAvailablity" tests="2" failures="0" timestamp="30 Jun 2019 15:48:49 GMT" time="35.723" errors="0">
  <testcase name="logInWithExpirixAdmin" time="14.148" classname="VW_TC.TC0002_login_With_Exmpirix_Admin"/>
  <testcase name="TabAvailabilityValidation" time="0.925" classname="VW_TC.TC0002_login_With_Exmpirix_Admin"/>
</testsuite> <!-- 002: Test Case Login with 'Empirix Admin' Credetials'and verify TabAvailablity -->
