<?xml version="1.0" encoding="UTF-8"?>
<!-- Generated by org.testng.reporters.JUnitXMLReporter -->
<testsuite hostname="REM-L-SINGHH" ignored="0" name="003:Test Case Login with &#039;Empirix Business Analyst&#039; Credetials&#039;and verify TabAvailablity" tests="2" failures="0" timestamp="26 Jun 2019 10:11:20 GMT" time="29.001" errors="0">
  <testcase name="logInWithExpirixBusinessAnalyst" time="11.47" classname="VW_TC.TC0003_login_With_Empirix_Business_Analyst"/>
  <testcase name="TabValidation" time="0.656" classname="VW_TC.TC0003_login_With_Empirix_Business_Analyst"/>
</testsuite> <!-- 003:Test Case Login with 'Empirix Business Analyst' Credetials'and verify TabAvailablity -->
