<?xml version="1.0" encoding="UTF-8"?>
<!-- Generated by org.testng.reporters.JUnitXMLReporter -->
<testsuite hostname="REM-L-SINGHH" ignored="0" name="005: Test Case Login with &#039;Partner Developer&#039; Credetials and verify TabAvailablity" tests="2" failures="0" timestamp="26 Jun 2019 11:18:59 GMT" time="2030.722" errors="0">
  <testcase name="logInWithPartnerDevelopment" time="11.293" classname="VW_TC.TC0005_login_With_Partner_Developer"/>
  <testcase name="TabValidation" time="2000.572" classname="VW_TC.TC0005_login_With_Partner_Developer"/>
</testsuite> <!-- 005: Test Case Login with 'Partner Developer' Credetials and verify TabAvailablity -->
