<?xml version="1.0" encoding="UTF-8"?>
<!-- Generated by org.testng.reporters.JUnitXMLReporter -->
<testsuite hostname="REM-L-SINGHH" ignored="0" name="006: Test Case Login with &#039;Partner Enhanced User Credetials&#039;and verify TabAvailablity" tests="2" failures="0" timestamp="26 Jun 2019 11:52:47 GMT" time="2028.313" errors="0">
  <testcase name="logInWithPartnerEnhancedUser" time="10.546" classname="VW_TC.TC0006_login_With_Partner_Enhanced_User"/>
  <testcase name="TabValidation" time="2000.421" classname="VW_TC.TC0006_login_With_Partner_Enhanced_User"/>
</testsuite> <!-- 006: Test Case Login with 'Partner Enhanced User Credetials'and verify TabAvailablity -->
