<?xml version="1.0" encoding="UTF-8"?>
<!-- Generated by org.testng.reporters.JUnitXMLReporter -->
<testsuite hostname="REM-L-SINGHH" ignored="0" name="009: Test Case &#039;Login with &#039;Client or Partner Client Developer&#039;and verify TabAvailablity" tests="2" failures="0" timestamp="26 Jun 2019 06:32:35 GMT" time="4028.023" errors="0">
  <testcase name="logInWithPartnerClient_Development" time="10.327" classname="VW_TC.TC0009_login_With_Client_OR_Partner_Client_Developer"/>
  <testcase name="TabValidation" time="4000.613" classname="VW_TC.TC0009_login_With_Client_OR_Partner_Client_Developer"/>
</testsuite> <!-- 009: Test Case 'Login with 'Client or Partner Client Developer'and verify TabAvailablity -->
