<?xml version="1.0" encoding="UTF-8"?>
<!-- Generated by org.testng.reporters.JUnitXMLReporter -->
<testsuite hostname="REM-L-SINGHH" ignored="0" name="011: Test Case &#039;Login with &#039;Client or Partner Client User&#039;and verify TabAvailablity" tests="2" failures="0" timestamp="26 Jun 2019 09:36:59 GMT" time="7036.873" errors="0">
  <testcase name="logInWithPartnerClient_User" time="13.592" classname="VW_TC.TC0011_login_With_Client_OR_Partner_Client_User"/>
  <testcase name="TabValidation" time="7000.658" classname="VW_TC.TC0011_login_With_Client_OR_Partner_Client_User"/>
</testsuite> <!-- 011: Test Case 'Login with 'Client or Partner Client User'and verify TabAvailablity -->
