<?xml version="1.0" encoding="UTF-8"?>
<!-- Generated by org.testng.reporters.JUnitXMLReporter -->
<testsuite hostname="REM-L-SINGHH" ignored="0" name="Test Login with CUSTOMER_ADMIN Credetials Page" tests="2" failures="0" timestamp="24 Jun 2019 18:40:18 GMT" time="2058.187" errors="0">
  <testcase name="logInWithPartnerCustomerAdmin" time="21.375" classname="VW_TC.TC0004_login_With_Partner_Customer_Admin"/>
  <testcase name="TabValidation" time="2000.7" classname="VW_TC.TC0004_login_With_Partner_Customer_Admin"/>
</testsuite> <!-- Test Login with CUSTOMER_ADMIN Credetials Page -->
