<?xml version="1.0" encoding="UTF-8"?>
<!-- Generated by org.testng.reporters.JUnitXMLReporter -->
<testsuite hostname="REM-L-SINGHH" ignored="0" name="Test Login with Admin Credetials Page and verify Tab" tests="2" failures="0" timestamp="24 Jun 2019 18:05:05 GMT" time="53.845" errors="0">
  <testcase name="logInWithExpirixAdmin" time="22.795" classname="VW_TC.TC0002_login_With_Exmpirix_Admin"/>
  <testcase name="TabAvailabilityValidation" time="0.522" classname="VW_TC.TC0002_login_With_Exmpirix_Admin"/>
</testsuite> <!-- Test Login with Admin Credetials Page and verify Tab -->
