<?xml version="1.0" encoding="UTF-8"?>
<testsuite xmlns:xsi="http://www.w3.org/2001/XMLSchema-instance" xsi:noNamespaceSchemaLocation="https://maven.apache.org/surefire/maven-surefire-plugin/xsd/surefire-test-report.xsd" name="TestSuite" time="2,536.454" tests="34" errors="0" skipped="18" failures="8">
  <properties>
[...]
</properties>
  <testcase name="logInScreenVerification" classname="VW_TC.TC0001_login_Page_Verification" time="0.737"/>
  <testcase name="logInWithExpirixAdmin" classname="VW_TC.TC0002_login_With_Exmpirix_Admin" time="14.148"/>
  <testcase name="TabAvailabilityValidation" classname="VW_TC.TC0002_login_With_Exmpirix_Admin" time="0.921"/>
  <testcase name="logInWithExpirixBusinessAnalyst" classname="VW_TC.TC0003_login_With_Empirix_Business_Analyst" time="16.113"/>
  <testcase name="TabValidation" classname="VW_TC.TC0003_login_With_Empirix_Business_Analyst" time="0.971"/>
  <testcase name="logInWithPartnerCustomerAdmin" classname="VW_TC.TC0004_login_With_Partner_Customer_Admin" time="24.663"/>
  <testcase name="TabValidation" classname="VW_TC.TC0004_login_With_Partner_Customer_Admin" time="324.637">
    <failure message="Failed to interpret value as array&#10;Build info: version: &apos;3.14.0&apos;, revision: &apos;aacccce0&apos;, time: &apos;2018-08-02T20:19:58.91Z&apos;&#10;System info: host: &apos;REM-L-SINGHH&apos;, ip: &apos;10.12.60.27&apos;, os.name: &apos;Windows 10&apos;, os.arch: &apos;amd64&apos;, os.version: &apos;10.0&apos;, java.version: &apos;1.8.0_171&apos;&#10;Driver info: org.openqa.selenium.firefox.FirefoxDriver&#10;Capabilities {acceptInsecureCerts: true, browserName: firefox, browserVersion: 67.0.4, javascriptEnabled: true, moz:accessibilityChecks: false, moz:buildID: 20190619235627, moz:geckodriverVersion: 0.24.0, moz:headless: false, moz:processID: 23120, moz:profile: C:\Users\hsingh\AppData\Loc..., moz:shutdownTimeout: 60000, moz:useNonSpecCompliantPointerOrigin: false, moz:webdriverClick: true, pageLoadStrategy: normal, platform: WINDOWS, platformName: WINDOWS, platformVersion: 10.0, rotatable: false, setWindowRect: true, strictFileInteractability: false, timeouts: {implicit: 0, pageLoad: 300000, script: 30000}, unhandledPromptBehavior: dismiss and notify}&#10;Session ID: a6b592e8-6ae6-42fd-8369-5f51040c720a&#10;*** Element info: {Using=link text, value=Hammers}" type="org.openqa.selenium.WebDriverException">org.openqa.selenium.WebDriverException: 
Failed to interpret value as array
Build info: version: '3.14.0', revision: 'aacccce0', time: '2018-08-02T20:19:58.91Z'
System info: host: 'REM-L-SINGHH', ip: '10.12.60.27', os.name: 'Windows 10', os.arch: 'amd64', os.version: '10.0', java.version: '1.8.0_171'
Driver info: org.openqa.selenium.firefox.FirefoxDriver
Capabilities {acceptInsecureCerts: true, browserName: firefox, browserVersion: 67.0.4, javascriptEnabled: true, moz:accessibilityChecks: false, moz:buildID: 20190619235627, moz:geckodriverVersion: 0.24.0, moz:headless: false, moz:processID: 23120, moz:profile: C:\Users\hsingh\AppData\Loc..., moz:shutdownTimeout: 60000, moz:useNonSpecCompliantPointerOrigin: false, moz:webdriverClick: true, pageLoadStrategy: normal, platform: WINDOWS, platformName: WINDOWS, platformVersion: 10.0, rotatable: false, setWindowRect: true, strictFileInteractability: false, timeouts: {implicit: 0, pageLoad: 300000, script: 30000}, unhandledPromptBehavior: dismiss and notify}
Session ID: a6b592e8-6ae6-42fd-8369-5f51040c720a
*** Element info: {Using=link text, value=Hammers}
	at VW_TC.TC0004_login_With_Partner_Customer_Admin.TabValidation(TC0004_login_With_Partner_Customer_Admin.java:65)
</failure>
    <system-out><![CDATA[[DEBUG] 2019-06-30 21:20:20,855 pom002_VoiceWatch_Home_Page.dashboard_screen() - VoiceWatch Dashboard Page verification Started
[DEBUG] 2019-06-30 21:20:20,913 pom002_VoiceWatch_Home_Page.dashboard_screen() - Verified that 'Dashboard Tab' appeared on the VoiceWatch dashoboard
[DEBUG] 2019-06-30 21:20:20,935 pom002_VoiceWatch_Home_Page.dashboard_screen() - Verified that 'Dashboard Tab' enabled on the VoiceWatch dashoboard
[DEBUG] 2019-06-30 21:20:20,999 pom002_VoiceWatch_Home_Page.dashboard_screen() - Verified that 'Alerts Tab' appeared on the VoiceWatch dashboard
[DEBUG] 2019-06-30 21:20:21,046 pom002_VoiceWatch_Home_Page.dashboard_screen() - Verified that 'Alerts Tab' enabled on the VoiceWatch dashboard
[DEBUG] 2019-06-30 21:20:21,050 pom002_VoiceWatch_Home_Page.dashboard_screen() - Verified that 'Alerts Tab' not selected on the VoiceWatch dashboard
[DEBUG] 2019-06-30 21:20:21,107 pom002_VoiceWatch_Home_Page.dashboard_screen() - Verified that 'Tests Tab' appeared on the VoiceWatch dashboard
[DEBUG] 2019-06-30 21:20:21,139 pom002_VoiceWatch_Home_Page.dashboard_screen() - Verified that 'Tests Tab' enabled on the VoiceWatch dashboard
[DEBUG] 2019-06-30 21:20:21,143 pom002_VoiceWatch_Home_Page.dashboard_screen() - Verified that 'Tests Tab' not selected on the VoiceWatch dashboard
[DEBUG] 2019-06-30 21:20:21,199 pom002_VoiceWatch_Home_Page.dashboard_screen() - Verified that 'Variables Tab' appeared on the VoiceWatch dashboard
[DEBUG] 2019-06-30 21:20:21,239 pom002_VoiceWatch_Home_Page.dashboard_screen() - Verified that 'Variables Tab' enabled on the VoiceWatch dashboard
[DEBUG] 2019-06-30 21:20:21,243 pom002_VoiceWatch_Home_Page.dashboard_screen() - Verified that 'Variable Tab' not selected on the VoiceWatch dashboard
[DEBUG] 2019-06-30 21:20:21,283 pom002_VoiceWatch_Home_Page.dashboard_screen() - Verified that 'Notifications Tab' appeared on the VoiceWatch dashboard
[DEBUG] 2019-06-30 21:20:21,343 pom002_VoiceWatch_Home_Page.dashboard_screen() - Verified that 'Notifications Tab' enabled on the VoiceWatch dashboard
[DEBUG] 2019-06-30 21:20:21,347 pom002_VoiceWatch_Home_Page.dashboard_screen() - Verified that 'Notifications Tab' not selected on the VoiceWatch dashboard
[DEBUG] 2019-06-30 21:20:21,409 pom002_VoiceWatch_Home_Page.tagTab() - Verified that 'Tags Tab' appeared on the VoiceWatch dashboard
[DEBUG] 2019-06-30 21:20:21,464 pom002_VoiceWatch_Home_Page.scriptsTab() - Verified that 'Scripts Tab' appeared on the VoiceWatch dashboard
[DEBUG] 2019-06-30 21:20:21,519 pom002_VoiceWatch_Home_Page.usersTab() - Verified that 'Users Tab' appeared on the VoiceWatch dashboard
[DEBUG] 2019-06-30 21:20:21,591 pom002_VoiceWatch_Home_Page.clientsTab() - Verified that 'Clients Tab' appeared on the VoiceWatch dashboard
[DEBUG] 2019-06-30 21:20:21,651 pom002_VoiceWatch_Home_Page.adminTab() - Verified that 'Admin Tab' appeared on the VoiceWatch dashboard
[DEBUG] 2019-06-30 21:20:21,651 pom002_VoiceWatch_Home_Page.selectedTab() - Verified that 'Admin Tab' selected on the VoiceWatch application
[INFO ] 2019-06-30 21:20:21,651 TC0004_login_With_Partner_Customer_Admin.TabValidation() - Few Tabs are missing under above role, let's find out

Test Case TabValidation failed

=========================================
]]></system-out>
    <system-err><![CDATA[[Child 22788, Chrome_ChildThread] WARNING: pipe error: 109: file z:/task_1560988636/build/src/ipc/chromium/src/chrome/common/ipc_channel_win.cc, line 341
[Child 22788, Chrome_ChildThread] WARNING: ]]></system-err>
  </testcase>
  <testcase name="applicationClose" classname="VW_TC.TC0004_login_With_Partner_Customer_Admin" time="325.184">
    <failure message="Failed to decode response from marionette&#10;Build info: version: &apos;3.14.0&apos;, revision: &apos;aacccce0&apos;, time: &apos;2018-08-02T20:19:58.91Z&apos;&#10;System info: host: &apos;REM-L-SINGHH&apos;, ip: &apos;10.12.60.27&apos;, os.name: &apos;Windows 10&apos;, os.arch: &apos;amd64&apos;, os.version: &apos;10.0&apos;, java.version: &apos;1.8.0_171&apos;&#10;Driver info: org.openqa.selenium.firefox.FirefoxDriver&#10;Capabilities {acceptInsecureCerts: true, browserName: firefox, browserVersion: 67.0.4, javascriptEnabled: true, moz:accessibilityChecks: false, moz:buildID: 20190619235627, moz:geckodriverVersion: 0.24.0, moz:headless: false, moz:processID: 23120, moz:profile: C:\Users\hsingh\AppData\Loc..., moz:shutdownTimeout: 60000, moz:useNonSpecCompliantPointerOrigin: false, moz:webdriverClick: true, pageLoadStrategy: normal, platform: WINDOWS, platformName: WINDOWS, platformVersion: 10.0, rotatable: false, setWindowRect: true, strictFileInteractability: false, timeouts: {implicit: 0, pageLoad: 300000, script: 30000}, unhandledPromptBehavior: dismiss and notify}&#10;Session ID: a6b592e8-6ae6-42fd-8369-5f51040c720a" type="org.openqa.selenium.WebDriverException">org.openqa.selenium.WebDriverException: 
Failed to decode response from marionette
Build info: version: '3.14.0', revision: 'aacccce0', time: '2018-08-02T20:19:58.91Z'
System info: host: 'REM-L-SINGHH', ip: '10.12.60.27', os.name: 'Windows 10', os.arch: 'amd64', os.version: '10.0', java.version: '1.8.0_171'
Driver info: org.openqa.selenium.firefox.FirefoxDriver
Capabilities {acceptInsecureCerts: true, browserName: firefox, browserVersion: 67.0.4, javascriptEnabled: true, moz:accessibilityChecks: false, moz:buildID: 20190619235627, moz:geckodriverVersion: 0.24.0, moz:headless: false, moz:processID: 23120, moz:profile: C:\Users\hsingh\AppData\Loc..., moz:shutdownTimeout: 60000, moz:useNonSpecCompliantPointerOrigin: false, moz:webdriverClick: true, pageLoadStrategy: normal, platform: WINDOWS, platformName: WINDOWS, platformVersion: 10.0, rotatable: false, setWindowRect: true, strictFileInteractability: false, timeouts: {implicit: 0, pageLoad: 300000, script: 30000}, unhandledPromptBehavior: dismiss and notify}
Session ID: a6b592e8-6ae6-42fd-8369-5f51040c720a
	at VW_TC.TC0004_login_With_Partner_Customer_Admin.applicationClose(TC0004_login_With_Partner_Customer_Admin.java:72)
</failure>
    <system-err><![CDATA[pipe error: 109: file z:/task_1560988636/build/src/i[Child 23692, Chrome_ChildThread] WARNING: pipe error: 109: file z:/task_1560988636/build/src/ipc/chromium/src/chrome/common/ipc_channel_win.cc, line 341
[Child 23692, Chrome_ChildThread] WARNING: pipe error: 109: file z:/task_1560988636/build/src/ipc/chromium/src/chrome/common/ipc_channel_win.cc, line 341
[Parent 23120, Gecko_IOThread] WARNING: pipe error: 109: file z:/task_1560988636/build/src/ipc/chromium/src/chrome/common/ipc_channel_win.cc, line 341
[Child 21784, Chrome_ChildThread] WARNING: pipe error: 109: file z:/task_1560988636/build/src/ipc/chromium/src/chrome/common/ipc_channel_win.cc, line 341
[Child 21784, Chrome_C1561910145629	Marionette	INFO	Stopped listening on port 53312

###!!! [Child][RunMessage] Error: Channel closing: too late to send/recv, messages will be lost

[GPU 24224, Chrome
###!!! [Child][MessageChannel::SendAndWait] Error: Channel error: cannot send/recv

]]></system-err>
  </testcase>
  <testcase name="logInWithPartnerDevelopment" classname="VW_TC.TC0005_login_With_Partner_Developer" time="14.929"/>
  <testcase name="TabValidation" classname="VW_TC.TC0005_login_With_Partner_Developer" time="2,000.881"/>
  <testcase name="applicationLaunch" classname="VW_TC.TC0006_login_With_Partner_Enhanced_User" time="2,004.97">
    <failure message="Reached error page: about:neterror?e=connectionFailure&amp;u=https%3A//os-2k12-vm279.empirix.com/&amp;c=UTF-8&amp;f=regular&amp;d=Firefox%20can%E2%80%99t%20establish%20a%20connection%20to%20the%20server%20at%20os-2k12-vm279.empirix.com.&#10;Build info: version: &apos;3.14.0&apos;, revision: &apos;aacccce0&apos;, time: &apos;2018-08-02T20:19:58.91Z&apos;&#10;System info: host: &apos;REM-L-SINGHH&apos;, ip: &apos;10.12.60.27&apos;, os.name: &apos;Windows 10&apos;, os.arch: &apos;amd64&apos;, os.version: &apos;10.0&apos;, java.version: &apos;1.8.0_171&apos;&#10;Driver info: org.openqa.selenium.firefox.FirefoxDriver&#10;Capabilities {acceptInsecureCerts: true, browserName: firefox, browserVersion: 67.0.4, javascriptEnabled: true, moz:accessibilityChecks: false, moz:buildID: 20190619235627, moz:geckodriverVersion: 0.24.0, moz:headless: false, moz:processID: 22736, moz:profile: C:\Users\hsingh\AppData\Loc..., moz:shutdownTimeout: 60000, moz:useNonSpecCompliantPointerOrigin: false, moz:webdriverClick: true, pageLoadStrategy: normal, platform: WINDOWS, platformName: WINDOWS, platformVersion: 10.0, rotatable: false, setWindowRect: true, strictFileInteractability: false, timeouts: {implicit: 0, pageLoad: 300000, script: 30000}, unhandledPromptBehavior: dismiss and notify}&#10;Session ID: d513c5eb-8272-47a7-a3e0-643f44aeba1d" type="org.openqa.selenium.WebDriverException"><![CDATA[org.openqa.selenium.WebDriverException: 
Reached error page: about:neterror?e=connectionFailure&u=https%3A//os-2k12-vm279.empirix.com/&c=UTF-8&f=regular&d=Firefox%20can%E2%80%99t%20establish%20a%20connection%20to%20the%20server%20at%20os-2k12-vm279.empirix.com.
Build info: version: '3.14.0', revision: 'aacccce0', time: '2018-08-02T20:19:58.91Z'
System info: host: 'REM-L-SINGHH', ip: '10.12.60.27', os.name: 'Windows 10', os.arch: 'amd64', os.version: '10.0', java.version: '1.8.0_171'
Driver info: org.openqa.selenium.firefox.FirefoxDriver
Capabilities {acceptInsecureCerts: true, browserName: firefox, browserVersion: 67.0.4, javascriptEnabled: true, moz:accessibilityChecks: false, moz:buildID: 20190619235627, moz:geckodriverVersion: 0.24.0, moz:headless: false, moz:processID: 22736, moz:profile: C:\Users\hsingh\AppData\Loc..., moz:shutdownTimeout: 60000, moz:useNonSpecCompliantPointerOrigin: false, moz:webdriverClick: true, pageLoadStrategy: normal, platform: WINDOWS, platformName: WINDOWS, platformVersion: 10.0, rotatable: false, setWindowRect: true, strictFileInteractability: false, timeouts: {implicit: 0, pageLoad: 300000, script: 30000}, unhandledPromptBehavior: dismiss and notify}
Session ID: d513c5eb-8272-47a7-a3e0-643f44aeba1d
	at VW_TC.TC0006_login_With_Partner_Enhanced_User.applicationLaunch(TC0006_login_With_Partner_Enhanced_User.java:33)
]]></failure>
    <system-out><![CDATA[[INFO ] 2019-06-30 21:59:43,128 TC0005_login_With_Partner_Developer.applicationClose() - Application closed successfully

 005: Test Case Login with 'Partner Developer' Credetials and verify TabAvailablity Completed
=========================================

 006: Test Case Login with 'Partner Enhanced User Credetials'and verify TabAvailablity Started
=========================================
[INFO ] 2019-06-30 21:59:46,446 baseProperties.intializeDriver() - Firefox Driver intilized successfully
[INFO ] 2019-06-30 21:59:46,446 baseProperties.intializeDriver() - Firefox Browser selected & Launch
]]></system-out>
    <system-err><![CDATA[1561912182425	Marionette	INFO	Stopped listening on port 53434
[Child 23516, Chrome_ChildThread] WARNING: pipe error: 109: file z:/task_1560988636/build/src/ipc/chromium/src/chrome/common/ipc_channel_win.cc, line 341
[Child 23516, Chrome_ChildThread] WARNING: pipe error: 109:[Child 21304, Chrome_ChildThread] WARNING: pipe error: 109: file z:/task_1560988636/build/src/ipc/chromium/src/chrome/common/ipc_channel_win.cc, line 341
[Child 21304, Chrome_ChildThread][Parent 21516, Gecko_IOThread] WARNING: pipe error: 109: file z:/task_1560988636/build/src/ipc/chromium/src/chrome/common/ipc_channel_win.cc, line 341
[Child 19056, Chrome_ChildThread] WARNING: pipe error: 109: file z:/task_1560988636/build/src/ipc/chromium/src/chrome/common/ipc_channel_win.cc, line 341
[Child 19056, Chrome_ChildT
###!!! [Child][MessageChannel::SendAndWait] Error: Channel error: cannot send/recv

1561912183662	mozrunner::runner	INFO	Running command: "C:\\Program Files\\Mozilla Firefox\\firefox.exe" "-marionette" "-foreground" "-no-remote" "-profile" "C:\\Users\\hsingh\\AppData\\Local\\Temp\\rust_mozprofile.eYrKzZhA6Dc5"
1561912184220	addons.webextension.screenshots@mozilla.org	WARN	Loading extension 'screenshots@mozilla.org': Reading manifest: Invalid extension permission: mozillaAddons
1561912184220	addons.webextension.screenshots@mozilla.org	WARN	Loading extension 'screenshots@mozilla.org': Reading manifest: Invalid extension permission: resource://pdf.js/
1561912184220	addons.webextension.screenshots@mozilla.org	WARN	Loading extension 'screenshots@mozilla.org': Reading manifest: Invalid extension permission: about:reader*
1561912186248	Marionette	INFO	Listening on port 64022
1561912186397	Marionette	WARN	TLS certificate errors will be ignored for this session
Jun 30, 2019 9:59:46 PM org.openqa.selenium.remote.ProtocolHandshake createSession
INFO: Detected dialect: W3C
]]></system-err>
  </testcase>
  <testcase name="logInWithPartnerEnhancedUser" classname="VW_TC.TC0006_login_With_Partner_Enhanced_User" time="0">
    <skipped message="Reached error page: about:neterror?e=connectionFailure&amp;u=https%3A//os-2k12-vm279.empirix.com/&amp;c=UTF-8&amp;f=regular&amp;d=Firefox%20can%E2%80%99t%20establish%20a%20connection%20to%20the%20server%20at%20os-2k12-vm279.empirix.com.&#10;Build info: version: &apos;3.14.0&apos;, revision: &apos;aacccce0&apos;, time: &apos;2018-08-02T20:19:58.91Z&apos;&#10;System info: host: &apos;REM-L-SINGHH&apos;, ip: &apos;10.12.60.27&apos;, os.name: &apos;Windows 10&apos;, os.arch: &apos;amd64&apos;, os.version: &apos;10.0&apos;, java.version: &apos;1.8.0_171&apos;&#10;Driver info: org.openqa.selenium.firefox.FirefoxDriver&#10;Capabilities {acceptInsecureCerts: true, browserName: firefox, browserVersion: 67.0.4, javascriptEnabled: true, moz:accessibilityChecks: false, moz:buildID: 20190619235627, moz:geckodriverVersion: 0.24.0, moz:headless: false, moz:processID: 22736, moz:profile: C:\Users\hsingh\AppData\Loc..., moz:shutdownTimeout: 60000, moz:useNonSpecCompliantPointerOrigin: false, moz:webdriverClick: true, pageLoadStrategy: normal, platform: WINDOWS, platformName: WINDOWS, platformVersion: 10.0, rotatable: false, setWindowRect: true, strictFileInteractability: false, timeouts: {implicit: 0, pageLoad: 300000, script: 30000}, unhandledPromptBehavior: dismiss and notify}&#10;Session ID: d513c5eb-8272-47a7-a3e0-643f44aeba1d"/>
  </testcase>
  <testcase name="TabValidation" classname="VW_TC.TC0006_login_With_Partner_Enhanced_User" time="0">
    <skipped message="Reached error page: about:neterror?e=connectionFailure&amp;u=https%3A//os-2k12-vm279.empirix.com/&amp;c=UTF-8&amp;f=regular&amp;d=Firefox%20can%E2%80%99t%20establish%20a%20connection%20to%20the%20server%20at%20os-2k12-vm279.empirix.com.&#10;Build info: version: &apos;3.14.0&apos;, revision: &apos;aacccce0&apos;, time: &apos;2018-08-02T20:19:58.91Z&apos;&#10;System info: host: &apos;REM-L-SINGHH&apos;, ip: &apos;10.12.60.27&apos;, os.name: &apos;Windows 10&apos;, os.arch: &apos;amd64&apos;, os.version: &apos;10.0&apos;, java.version: &apos;1.8.0_171&apos;&#10;Driver info: org.openqa.selenium.firefox.FirefoxDriver&#10;Capabilities {acceptInsecureCerts: true, browserName: firefox, browserVersion: 67.0.4, javascriptEnabled: true, moz:accessibilityChecks: false, moz:buildID: 20190619235627, moz:geckodriverVersion: 0.24.0, moz:headless: false, moz:processID: 22736, moz:profile: C:\Users\hsingh\AppData\Loc..., moz:shutdownTimeout: 60000, moz:useNonSpecCompliantPointerOrigin: false, moz:webdriverClick: true, pageLoadStrategy: normal, platform: WINDOWS, platformName: WINDOWS, platformVersion: 10.0, rotatable: false, setWindowRect: true, strictFileInteractability: false, timeouts: {implicit: 0, pageLoad: 300000, script: 30000}, unhandledPromptBehavior: dismiss and notify}&#10;Session ID: d513c5eb-8272-47a7-a3e0-643f44aeba1d"/>
  </testcase>
  <testcase name="applicationClose" classname="VW_TC.TC0006_login_With_Partner_Enhanced_User" time="0">
    <skipped/>
  </testcase>
  <testcase name="applicationLaunch" classname="VW_TC.TC0007_login_With_Partner_User" time="2,008.378">
    <failure message="Reached error page: about:neterror?e=connectionFailure&amp;u=https%3A//os-2k12-vm279.empirix.com/&amp;c=UTF-8&amp;f=regular&amp;d=Firefox%20can%E2%80%99t%20establish%20a%20connection%20to%20the%20server%20at%20os-2k12-vm279.empirix.com.&#10;Build info: version: &apos;3.14.0&apos;, revision: &apos;aacccce0&apos;, time: &apos;2018-08-02T20:19:58.91Z&apos;&#10;System info: host: &apos;REM-L-SINGHH&apos;, ip: &apos;10.12.60.27&apos;, os.name: &apos;Windows 10&apos;, os.arch: &apos;amd64&apos;, os.version: &apos;10.0&apos;, java.version: &apos;1.8.0_171&apos;&#10;Driver info: org.openqa.selenium.firefox.FirefoxDriver&#10;Capabilities {acceptInsecureCerts: true, browserName: firefox, browserVersion: 67.0.4, javascriptEnabled: true, moz:accessibilityChecks: false, moz:buildID: 20190619235627, moz:geckodriverVersion: 0.24.0, moz:headless: false, moz:processID: 24076, moz:profile: C:\Users\hsingh\AppData\Loc..., moz:shutdownTimeout: 60000, moz:useNonSpecCompliantPointerOrigin: false, moz:webdriverClick: true, pageLoadStrategy: normal, platform: WINDOWS, platformName: WINDOWS, platformVersion: 10.0, rotatable: false, setWindowRect: true, strictFileInteractability: false, timeouts: {implicit: 0, pageLoad: 300000, script: 30000}, unhandledPromptBehavior: dismiss and notify}&#10;Session ID: 4e73c09e-2ffe-4d1a-923e-73021f0fbc77" type="org.openqa.selenium.WebDriverException"><![CDATA[org.openqa.selenium.WebDriverException: 
Reached error page: about:neterror?e=connectionFailure&u=https%3A//os-2k12-vm279.empirix.com/&c=UTF-8&f=regular&d=Firefox%20can%E2%80%99t%20establish%20a%20connection%20to%20the%20server%20at%20os-2k12-vm279.empirix.com.
Build info: version: '3.14.0', revision: 'aacccce0', time: '2018-08-02T20:19:58.91Z'
System info: host: 'REM-L-SINGHH', ip: '10.12.60.27', os.name: 'Windows 10', os.arch: 'amd64', os.version: '10.0', java.version: '1.8.0_171'
Driver info: org.openqa.selenium.firefox.FirefoxDriver
Capabilities {acceptInsecureCerts: true, browserName: firefox, browserVersion: 67.0.4, javascriptEnabled: true, moz:accessibilityChecks: false, moz:buildID: 20190619235627, moz:geckodriverVersion: 0.24.0, moz:headless: false, moz:processID: 24076, moz:profile: C:\Users\hsingh\AppData\Loc..., moz:shutdownTimeout: 60000, moz:useNonSpecCompliantPointerOrigin: false, moz:webdriverClick: true, pageLoadStrategy: normal, platform: WINDOWS, platformName: WINDOWS, platformVersion: 10.0, rotatable: false, setWindowRect: true, strictFileInteractability: false, timeouts: {implicit: 0, pageLoad: 300000, script: 30000}, unhandledPromptBehavior: dismiss and notify}
Session ID: 4e73c09e-2ffe-4d1a-923e-73021f0fbc77
	at VW_TC.TC0007_login_With_Partner_User.applicationLaunch(TC0007_login_With_Partner_User.java:33)
]]></failure>
    <system-out><![CDATA[
 006: Test Case Login with 'Partner Enhanced User Credetials'and verify TabAvailablity Completed
=========================================

 007: Test Case Login with 'Partner Use' Credetials and verify TabAvailablity Started
=========================================
[INFO ] 2019-06-30 21:59:49,846 baseProperties.intializeDriver() - Firefox Driver intilized successfully
[INFO ] 2019-06-30 21:59:49,846 baseProperties.intializeDriver() - Firefox Browser selected & Launch
]]></system-out>
    <system-err><![CDATA[1561912187069	mozrunner::runner	INFO	Running command: "C:\\Program Files\\Mozilla Firefox\\firefox.exe" "-marionette" "-foreground" "-no-remote" "-profile" "C:\\Users\\hsingh\\AppData\\Local\\Temp\\rust_mozprofile.GkDAHBYyfuPN"
1561912187662	addons.webextension.screenshots@mozilla.org	WARN	Loading extension 'screenshots@mozilla.org': Reading manifest: Invalid extension permission: mozillaAddons
1561912187662	addons.webextension.screenshots@mozilla.org	WARN	Loading extension 'screenshots@mozilla.org': Reading manifest: Invalid extension permission: resource://pdf.js/
1561912187662	addons.webextension.screenshots@mozilla.org	WARN	Loading extension 'screenshots@mozilla.org': Reading manifest: Invalid extension permission: about:reader*
1561912189673	Marionette	INFO	Listening on port 64038
1561912189798	Marionette	WARN	TLS certificate errors will be ignored for this session
Jun 30, 2019 9:59:49 PM org.openqa.selenium.remote.ProtocolHandshake createSession
INFO: Detected dialect: W3C
]]></system-err>
  </testcase>
  <testcase name="logInWithPartnerUser" classname="VW_TC.TC0007_login_With_Partner_User" time="0">
    <skipped message="Reached error page: about:neterror?e=connectionFailure&amp;u=https%3A//os-2k12-vm279.empirix.com/&amp;c=UTF-8&amp;f=regular&amp;d=Firefox%20can%E2%80%99t%20establish%20a%20connection%20to%20the%20server%20at%20os-2k12-vm279.empirix.com.&#10;Build info: version: &apos;3.14.0&apos;, revision: &apos;aacccce0&apos;, time: &apos;2018-08-02T20:19:58.91Z&apos;&#10;System info: host: &apos;REM-L-SINGHH&apos;, ip: &apos;10.12.60.27&apos;, os.name: &apos;Windows 10&apos;, os.arch: &apos;amd64&apos;, os.version: &apos;10.0&apos;, java.version: &apos;1.8.0_171&apos;&#10;Driver info: org.openqa.selenium.firefox.FirefoxDriver&#10;Capabilities {acceptInsecureCerts: true, browserName: firefox, browserVersion: 67.0.4, javascriptEnabled: true, moz:accessibilityChecks: false, moz:buildID: 20190619235627, moz:geckodriverVersion: 0.24.0, moz:headless: false, moz:processID: 24076, moz:profile: C:\Users\hsingh\AppData\Loc..., moz:shutdownTimeout: 60000, moz:useNonSpecCompliantPointerOrigin: false, moz:webdriverClick: true, pageLoadStrategy: normal, platform: WINDOWS, platformName: WINDOWS, platformVersion: 10.0, rotatable: false, setWindowRect: true, strictFileInteractability: false, timeouts: {implicit: 0, pageLoad: 300000, script: 30000}, unhandledPromptBehavior: dismiss and notify}&#10;Session ID: 4e73c09e-2ffe-4d1a-923e-73021f0fbc77"/>
  </testcase>
  <testcase name="TabValidation" classname="VW_TC.TC0007_login_With_Partner_User" time="0">
    <skipped message="Reached error page: about:neterror?e=connectionFailure&amp;u=https%3A//os-2k12-vm279.empirix.com/&amp;c=UTF-8&amp;f=regular&amp;d=Firefox%20can%E2%80%99t%20establish%20a%20connection%20to%20the%20server%20at%20os-2k12-vm279.empirix.com.&#10;Build info: version: &apos;3.14.0&apos;, revision: &apos;aacccce0&apos;, time: &apos;2018-08-02T20:19:58.91Z&apos;&#10;System info: host: &apos;REM-L-SINGHH&apos;, ip: &apos;10.12.60.27&apos;, os.name: &apos;Windows 10&apos;, os.arch: &apos;amd64&apos;, os.version: &apos;10.0&apos;, java.version: &apos;1.8.0_171&apos;&#10;Driver info: org.openqa.selenium.firefox.FirefoxDriver&#10;Capabilities {acceptInsecureCerts: true, browserName: firefox, browserVersion: 67.0.4, javascriptEnabled: true, moz:accessibilityChecks: false, moz:buildID: 20190619235627, moz:geckodriverVersion: 0.24.0, moz:headless: false, moz:processID: 24076, moz:profile: C:\Users\hsingh\AppData\Loc..., moz:shutdownTimeout: 60000, moz:useNonSpecCompliantPointerOrigin: false, moz:webdriverClick: true, pageLoadStrategy: normal, platform: WINDOWS, platformName: WINDOWS, platformVersion: 10.0, rotatable: false, setWindowRect: true, strictFileInteractability: false, timeouts: {implicit: 0, pageLoad: 300000, script: 30000}, unhandledPromptBehavior: dismiss and notify}&#10;Session ID: 4e73c09e-2ffe-4d1a-923e-73021f0fbc77"/>
  </testcase>
  <testcase name="applicationClose" classname="VW_TC.TC0007_login_With_Partner_User" time="0">
    <skipped/>
  </testcase>
  <testcase name="applicationLaunch" classname="VW_TC.TC0008_login_With_Client_OR_Partner_Client_Custmer_Admin" time="2,011.831">
    <failure message="Reached error page: about:neterror?e=connectionFailure&amp;u=https%3A//os-2k12-vm279.empirix.com/&amp;c=UTF-8&amp;f=regular&amp;d=Firefox%20can%E2%80%99t%20establish%20a%20connection%20to%20the%20server%20at%20os-2k12-vm279.empirix.com.&#10;Build info: version: &apos;3.14.0&apos;, revision: &apos;aacccce0&apos;, time: &apos;2018-08-02T20:19:58.91Z&apos;&#10;System info: host: &apos;REM-L-SINGHH&apos;, ip: &apos;10.12.60.27&apos;, os.name: &apos;Windows 10&apos;, os.arch: &apos;amd64&apos;, os.version: &apos;10.0&apos;, java.version: &apos;1.8.0_171&apos;&#10;Driver info: org.openqa.selenium.firefox.FirefoxDriver&#10;Capabilities {acceptInsecureCerts: true, browserName: firefox, browserVersion: 67.0.4, javascriptEnabled: true, moz:accessibilityChecks: false, moz:buildID: 20190619235627, moz:geckodriverVersion: 0.24.0, moz:headless: false, moz:processID: 23064, moz:profile: C:\Users\hsingh\AppData\Loc..., moz:shutdownTimeout: 60000, moz:useNonSpecCompliantPointerOrigin: false, moz:webdriverClick: true, pageLoadStrategy: normal, platform: WINDOWS, platformName: WINDOWS, platformVersion: 10.0, rotatable: false, setWindowRect: true, strictFileInteractability: false, timeouts: {implicit: 0, pageLoad: 300000, script: 30000}, unhandledPromptBehavior: dismiss and notify}&#10;Session ID: 69f1cb52-f74b-4514-8678-d14eccf7a641" type="org.openqa.selenium.WebDriverException"><![CDATA[org.openqa.selenium.WebDriverException: 
Reached error page: about:neterror?e=connectionFailure&u=https%3A//os-2k12-vm279.empirix.com/&c=UTF-8&f=regular&d=Firefox%20can%E2%80%99t%20establish%20a%20connection%20to%20the%20server%20at%20os-2k12-vm279.empirix.com.
Build info: version: '3.14.0', revision: 'aacccce0', time: '2018-08-02T20:19:58.91Z'
System info: host: 'REM-L-SINGHH', ip: '10.12.60.27', os.name: 'Windows 10', os.arch: 'amd64', os.version: '10.0', java.version: '1.8.0_171'
Driver info: org.openqa.selenium.firefox.FirefoxDriver
Capabilities {acceptInsecureCerts: true, browserName: firefox, browserVersion: 67.0.4, javascriptEnabled: true, moz:accessibilityChecks: false, moz:buildID: 20190619235627, moz:geckodriverVersion: 0.24.0, moz:headless: false, moz:processID: 23064, moz:profile: C:\Users\hsingh\AppData\Loc..., moz:shutdownTimeout: 60000, moz:useNonSpecCompliantPointerOrigin: false, moz:webdriverClick: true, pageLoadStrategy: normal, platform: WINDOWS, platformName: WINDOWS, platformVersion: 10.0, rotatable: false, setWindowRect: true, strictFileInteractability: false, timeouts: {implicit: 0, pageLoad: 300000, script: 30000}, unhandledPromptBehavior: dismiss and notify}
Session ID: 69f1cb52-f74b-4514-8678-d14eccf7a641
	at VW_TC.TC0008_login_With_Client_OR_Partner_Client_Custmer_Admin.applicationLaunch(TC0008_login_With_Client_OR_Partner_Client_Custmer_Admin.java:32)
]]></failure>
    <system-out><![CDATA[
 007: Test Case Login with 'Partner Use' Credetials and verify TabAvailablity Completed
=========================================

 008: Test Case 'Login with 'Client or Partner Client Customer Admin'and verify TabAvailablity Started
=========================================
[INFO ] 2019-06-30 21:59:53,298 baseProperties.intializeDriver() - Firefox Driver intilized successfully
[INFO ] 2019-06-30 21:59:53,298 baseProperties.intializeDriver() - Firefox Browser selected & Launch
]]></system-out>
    <system-err><![CDATA[1561912190508	mozrunner::runner	INFO	Running command: "C:\\Program Files\\Mozilla Firefox\\firefox.exe" "-marionette" "-foreground" "-no-remote" "-profile" "C:\\Users\\hsingh\\AppData\\Local\\Temp\\rust_mozprofile.CoEbmkabt5Dw"
1561912191104	addons.webextension.screenshots@mozilla.org	WARN	Loading extension 'screenshots@mozilla.org': Reading manifest: Invalid extension permission: mozillaAddons
1561912191105	addons.webextension.screenshots@mozilla.org	WARN	Loading extension 'screenshots@mozilla.org': Reading manifest: Invalid extension permission: resource://pdf.js/
1561912191105	addons.webextension.screenshots@mozilla.org	WARN	Loading extension 'screenshots@mozilla.org': Reading manifest: Invalid extension permission: about:reader*
1561912193102	Marionette	INFO	Listening on port 64053
1561912193250	Marionette	WARN	TLS certificate errors will be ignored for this session
Jun 30, 2019 9:59:53 PM org.openqa.selenium.remote.ProtocolHandshake createSession
INFO: Detected dialect: W3C
]]></system-err>
  </testcase>
  <testcase name="logInWithPartnerClient_CustomerAdmin" classname="VW_TC.TC0008_login_With_Client_OR_Partner_Client_Custmer_Admin" time="0">
    <skipped message="Reached error page: about:neterror?e=connectionFailure&amp;u=https%3A//os-2k12-vm279.empirix.com/&amp;c=UTF-8&amp;f=regular&amp;d=Firefox%20can%E2%80%99t%20establish%20a%20connection%20to%20the%20server%20at%20os-2k12-vm279.empirix.com.&#10;Build info: version: &apos;3.14.0&apos;, revision: &apos;aacccce0&apos;, time: &apos;2018-08-02T20:19:58.91Z&apos;&#10;System info: host: &apos;REM-L-SINGHH&apos;, ip: &apos;10.12.60.27&apos;, os.name: &apos;Windows 10&apos;, os.arch: &apos;amd64&apos;, os.version: &apos;10.0&apos;, java.version: &apos;1.8.0_171&apos;&#10;Driver info: org.openqa.selenium.firefox.FirefoxDriver&#10;Capabilities {acceptInsecureCerts: true, browserName: firefox, browserVersion: 67.0.4, javascriptEnabled: true, moz:accessibilityChecks: false, moz:buildID: 20190619235627, moz:geckodriverVersion: 0.24.0, moz:headless: false, moz:processID: 23064, moz:profile: C:\Users\hsingh\AppData\Loc..., moz:shutdownTimeout: 60000, moz:useNonSpecCompliantPointerOrigin: false, moz:webdriverClick: true, pageLoadStrategy: normal, platform: WINDOWS, platformName: WINDOWS, platformVersion: 10.0, rotatable: false, setWindowRect: true, strictFileInteractability: false, timeouts: {implicit: 0, pageLoad: 300000, script: 30000}, unhandledPromptBehavior: dismiss and notify}&#10;Session ID: 69f1cb52-f74b-4514-8678-d14eccf7a641"/>
  </testcase>
  <testcase name="TabValidation" classname="VW_TC.TC0008_login_With_Client_OR_Partner_Client_Custmer_Admin" time="0">
    <skipped message="Reached error page: about:neterror?e=connectionFailure&amp;u=https%3A//os-2k12-vm279.empirix.com/&amp;c=UTF-8&amp;f=regular&amp;d=Firefox%20can%E2%80%99t%20establish%20a%20connection%20to%20the%20server%20at%20os-2k12-vm279.empirix.com.&#10;Build info: version: &apos;3.14.0&apos;, revision: &apos;aacccce0&apos;, time: &apos;2018-08-02T20:19:58.91Z&apos;&#10;System info: host: &apos;REM-L-SINGHH&apos;, ip: &apos;10.12.60.27&apos;, os.name: &apos;Windows 10&apos;, os.arch: &apos;amd64&apos;, os.version: &apos;10.0&apos;, java.version: &apos;1.8.0_171&apos;&#10;Driver info: org.openqa.selenium.firefox.FirefoxDriver&#10;Capabilities {acceptInsecureCerts: true, browserName: firefox, browserVersion: 67.0.4, javascriptEnabled: true, moz:accessibilityChecks: false, moz:buildID: 20190619235627, moz:geckodriverVersion: 0.24.0, moz:headless: false, moz:processID: 23064, moz:profile: C:\Users\hsingh\AppData\Loc..., moz:shutdownTimeout: 60000, moz:useNonSpecCompliantPointerOrigin: false, moz:webdriverClick: true, pageLoadStrategy: normal, platform: WINDOWS, platformName: WINDOWS, platformVersion: 10.0, rotatable: false, setWindowRect: true, strictFileInteractability: false, timeouts: {implicit: 0, pageLoad: 300000, script: 30000}, unhandledPromptBehavior: dismiss and notify}&#10;Session ID: 69f1cb52-f74b-4514-8678-d14eccf7a641"/>
  </testcase>
  <testcase name="applicationClose" classname="VW_TC.TC0008_login_With_Client_OR_Partner_Client_Custmer_Admin" time="0">
    <skipped/>
  </testcase>
  <testcase name="applicationLaunch" classname="VW_TC.TC0009_login_With_Client_OR_Partner_Client_Developer" time="2,015.22">
    <failure message="Reached error page: about:neterror?e=connectionFailure&amp;u=https%3A//os-2k12-vm279.empirix.com/&amp;c=UTF-8&amp;f=regular&amp;d=Firefox%20can%E2%80%99t%20establish%20a%20connection%20to%20the%20server%20at%20os-2k12-vm279.empirix.com.&#10;Build info: version: &apos;3.14.0&apos;, revision: &apos;aacccce0&apos;, time: &apos;2018-08-02T20:19:58.91Z&apos;&#10;System info: host: &apos;REM-L-SINGHH&apos;, ip: &apos;10.12.60.27&apos;, os.name: &apos;Windows 10&apos;, os.arch: &apos;amd64&apos;, os.version: &apos;10.0&apos;, java.version: &apos;1.8.0_171&apos;&#10;Driver info: org.openqa.selenium.firefox.FirefoxDriver&#10;Capabilities {acceptInsecureCerts: true, browserName: firefox, browserVersion: 67.0.4, javascriptEnabled: true, moz:accessibilityChecks: false, moz:buildID: 20190619235627, moz:geckodriverVersion: 0.24.0, moz:headless: false, moz:processID: 12624, moz:profile: C:\Users\hsingh\AppData\Loc..., moz:shutdownTimeout: 60000, moz:useNonSpecCompliantPointerOrigin: false, moz:webdriverClick: true, pageLoadStrategy: normal, platform: WINDOWS, platformName: WINDOWS, platformVersion: 10.0, rotatable: false, setWindowRect: true, strictFileInteractability: false, timeouts: {implicit: 0, pageLoad: 300000, script: 30000}, unhandledPromptBehavior: dismiss and notify}&#10;Session ID: 4225add0-6820-4da7-8c83-782a11d150e9" type="org.openqa.selenium.WebDriverException"><![CDATA[org.openqa.selenium.WebDriverException: 
Reached error page: about:neterror?e=connectionFailure&u=https%3A//os-2k12-vm279.empirix.com/&c=UTF-8&f=regular&d=Firefox%20can%E2%80%99t%20establish%20a%20connection%20to%20the%20server%20at%20os-2k12-vm279.empirix.com.
Build info: version: '3.14.0', revision: 'aacccce0', time: '2018-08-02T20:19:58.91Z'
System info: host: 'REM-L-SINGHH', ip: '10.12.60.27', os.name: 'Windows 10', os.arch: 'amd64', os.version: '10.0', java.version: '1.8.0_171'
Driver info: org.openqa.selenium.firefox.FirefoxDriver
Capabilities {acceptInsecureCerts: true, browserName: firefox, browserVersion: 67.0.4, javascriptEnabled: true, moz:accessibilityChecks: false, moz:buildID: 20190619235627, moz:geckodriverVersion: 0.24.0, moz:headless: false, moz:processID: 12624, moz:profile: C:\Users\hsingh\AppData\Loc..., moz:shutdownTimeout: 60000, moz:useNonSpecCompliantPointerOrigin: false, moz:webdriverClick: true, pageLoadStrategy: normal, platform: WINDOWS, platformName: WINDOWS, platformVersion: 10.0, rotatable: false, setWindowRect: true, strictFileInteractability: false, timeouts: {implicit: 0, pageLoad: 300000, script: 30000}, unhandledPromptBehavior: dismiss and notify}
Session ID: 4225add0-6820-4da7-8c83-782a11d150e9
	at VW_TC.TC0009_login_With_Client_OR_Partner_Client_Developer.applicationLaunch(TC0009_login_With_Client_OR_Partner_Client_Developer.java:33)
]]></failure>
    <system-out><![CDATA[
 008: Test Case 'Login with 'Client or Partner Client Customer Admin'and verify TabAvailablity Completed
=========================================

 009: Test Case 'Login with 'Client or Partner Client Developer'and verify TabAvailablity Started
=========================================
[INFO ] 2019-06-30 21:59:56,718 baseProperties.intializeDriver() - Firefox Driver intilized successfully
[INFO ] 2019-06-30 21:59:56,718 baseProperties.intializeDriver() - Firefox Browser selected & Launch
]]></system-out>
    <system-err><![CDATA[1561912193940	mozrunner::runner	INFO	Running command: "C:\\Program Files\\Mozilla Firefox\\firefox.exe" "-marionette" "-foreground" "-no-remote" "-profile" "C:\\Users\\hsingh\\AppData\\Local\\Temp\\rust_mozprofile.0J8CENi9xzUd"
1561912194528	addons.webextension.screenshots@mozilla.org	WARN	Loading extension 'screenshots@mozilla.org': Reading manifest: Invalid extension permission: mozillaAddons
1561912194529	addons.webextension.screenshots@mozilla.org	WARN	Loading extension 'screenshots@mozilla.org': Reading manifest: Invalid extension permission: resource://pdf.js/
1561912194529	addons.webextension.screenshots@mozilla.org	WARN	Loading extension 'screenshots@mozilla.org': Reading manifest: Invalid extension permission: about:reader*
1561912196539	Marionette	INFO	Listening on port 64068
1561912196668	Marionette	WARN	TLS certificate errors will be ignored for this session
Jun 30, 2019 9:59:56 PM org.openqa.selenium.remote.ProtocolHandshake createSession
INFO: Detected dialect: W3C
]]></system-err>
  </testcase>
  <testcase name="logInWithPartnerClient_Development" classname="VW_TC.TC0009_login_With_Client_OR_Partner_Client_Developer" time="0">
    <skipped message="Reached error page: about:neterror?e=connectionFailure&amp;u=https%3A//os-2k12-vm279.empirix.com/&amp;c=UTF-8&amp;f=regular&amp;d=Firefox%20can%E2%80%99t%20establish%20a%20connection%20to%20the%20server%20at%20os-2k12-vm279.empirix.com.&#10;Build info: version: &apos;3.14.0&apos;, revision: &apos;aacccce0&apos;, time: &apos;2018-08-02T20:19:58.91Z&apos;&#10;System info: host: &apos;REM-L-SINGHH&apos;, ip: &apos;10.12.60.27&apos;, os.name: &apos;Windows 10&apos;, os.arch: &apos;amd64&apos;, os.version: &apos;10.0&apos;, java.version: &apos;1.8.0_171&apos;&#10;Driver info: org.openqa.selenium.firefox.FirefoxDriver&#10;Capabilities {acceptInsecureCerts: true, browserName: firefox, browserVersion: 67.0.4, javascriptEnabled: true, moz:accessibilityChecks: false, moz:buildID: 20190619235627, moz:geckodriverVersion: 0.24.0, moz:headless: false, moz:processID: 12624, moz:profile: C:\Users\hsingh\AppData\Loc..., moz:shutdownTimeout: 60000, moz:useNonSpecCompliantPointerOrigin: false, moz:webdriverClick: true, pageLoadStrategy: normal, platform: WINDOWS, platformName: WINDOWS, platformVersion: 10.0, rotatable: false, setWindowRect: true, strictFileInteractability: false, timeouts: {implicit: 0, pageLoad: 300000, script: 30000}, unhandledPromptBehavior: dismiss and notify}&#10;Session ID: 4225add0-6820-4da7-8c83-782a11d150e9"/>
  </testcase>
  <testcase name="TabValidation" classname="VW_TC.TC0009_login_With_Client_OR_Partner_Client_Developer" time="0">
    <skipped message="Reached error page: about:neterror?e=connectionFailure&amp;u=https%3A//os-2k12-vm279.empirix.com/&amp;c=UTF-8&amp;f=regular&amp;d=Firefox%20can%E2%80%99t%20establish%20a%20connection%20to%20the%20server%20at%20os-2k12-vm279.empirix.com.&#10;Build info: version: &apos;3.14.0&apos;, revision: &apos;aacccce0&apos;, time: &apos;2018-08-02T20:19:58.91Z&apos;&#10;System info: host: &apos;REM-L-SINGHH&apos;, ip: &apos;10.12.60.27&apos;, os.name: &apos;Windows 10&apos;, os.arch: &apos;amd64&apos;, os.version: &apos;10.0&apos;, java.version: &apos;1.8.0_171&apos;&#10;Driver info: org.openqa.selenium.firefox.FirefoxDriver&#10;Capabilities {acceptInsecureCerts: true, browserName: firefox, browserVersion: 67.0.4, javascriptEnabled: true, moz:accessibilityChecks: false, moz:buildID: 20190619235627, moz:geckodriverVersion: 0.24.0, moz:headless: false, moz:processID: 12624, moz:profile: C:\Users\hsingh\AppData\Loc..., moz:shutdownTimeout: 60000, moz:useNonSpecCompliantPointerOrigin: false, moz:webdriverClick: true, pageLoadStrategy: normal, platform: WINDOWS, platformName: WINDOWS, platformVersion: 10.0, rotatable: false, setWindowRect: true, strictFileInteractability: false, timeouts: {implicit: 0, pageLoad: 300000, script: 30000}, unhandledPromptBehavior: dismiss and notify}&#10;Session ID: 4225add0-6820-4da7-8c83-782a11d150e9"/>
  </testcase>
  <testcase name="applicationClose" classname="VW_TC.TC0009_login_With_Client_OR_Partner_Client_Developer" time="0">
    <skipped/>
  </testcase>
  <testcase name="applicationLaunch" classname="VW_TC.TC0010_login_With_Client_OR_Partner_Client_Enhanced_User" time="2,019.151">
    <failure message="Reached error page: about:neterror?e=connectionFailure&amp;u=https%3A//os-2k12-vm279.empirix.com/&amp;c=UTF-8&amp;f=regular&amp;d=Firefox%20can%E2%80%99t%20establish%20a%20connection%20to%20the%20server%20at%20os-2k12-vm279.empirix.com.&#10;Build info: version: &apos;3.14.0&apos;, revision: &apos;aacccce0&apos;, time: &apos;2018-08-02T20:19:58.91Z&apos;&#10;System info: host: &apos;REM-L-SINGHH&apos;, ip: &apos;10.12.60.27&apos;, os.name: &apos;Windows 10&apos;, os.arch: &apos;amd64&apos;, os.version: &apos;10.0&apos;, java.version: &apos;1.8.0_171&apos;&#10;Driver info: org.openqa.selenium.firefox.FirefoxDriver&#10;Capabilities {acceptInsecureCerts: true, browserName: firefox, browserVersion: 67.0.4, javascriptEnabled: true, moz:accessibilityChecks: false, moz:buildID: 20190619235627, moz:geckodriverVersion: 0.24.0, moz:headless: false, moz:processID: 21788, moz:profile: C:\Users\hsingh\AppData\Loc..., moz:shutdownTimeout: 60000, moz:useNonSpecCompliantPointerOrigin: false, moz:webdriverClick: true, pageLoadStrategy: normal, platform: WINDOWS, platformName: WINDOWS, platformVersion: 10.0, rotatable: false, setWindowRect: true, strictFileInteractability: false, timeouts: {implicit: 0, pageLoad: 300000, script: 30000}, unhandledPromptBehavior: dismiss and notify}&#10;Session ID: 6ca9182b-13d9-41b0-be95-054d68675ea3" type="org.openqa.selenium.WebDriverException"><![CDATA[org.openqa.selenium.WebDriverException: 
Reached error page: about:neterror?e=connectionFailure&u=https%3A//os-2k12-vm279.empirix.com/&c=UTF-8&f=regular&d=Firefox%20can%E2%80%99t%20establish%20a%20connection%20to%20the%20server%20at%20os-2k12-vm279.empirix.com.
Build info: version: '3.14.0', revision: 'aacccce0', time: '2018-08-02T20:19:58.91Z'
System info: host: 'REM-L-SINGHH', ip: '10.12.60.27', os.name: 'Windows 10', os.arch: 'amd64', os.version: '10.0', java.version: '1.8.0_171'
Driver info: org.openqa.selenium.firefox.FirefoxDriver
Capabilities {acceptInsecureCerts: true, browserName: firefox, browserVersion: 67.0.4, javascriptEnabled: true, moz:accessibilityChecks: false, moz:buildID: 20190619235627, moz:geckodriverVersion: 0.24.0, moz:headless: false, moz:processID: 21788, moz:profile: C:\Users\hsingh\AppData\Loc..., moz:shutdownTimeout: 60000, moz:useNonSpecCompliantPointerOrigin: false, moz:webdriverClick: true, pageLoadStrategy: normal, platform: WINDOWS, platformName: WINDOWS, platformVersion: 10.0, rotatable: false, setWindowRect: true, strictFileInteractability: false, timeouts: {implicit: 0, pageLoad: 300000, script: 30000}, unhandledPromptBehavior: dismiss and notify}
Session ID: 6ca9182b-13d9-41b0-be95-054d68675ea3
	at VW_TC.TC0010_login_With_Client_OR_Partner_Client_Enhanced_User.applicationLaunch(TC0010_login_With_Client_OR_Partner_Client_Enhanced_User.java:32)
]]></failure>
    <system-out><![CDATA[
 009: Test Case 'Login with 'Client or Partner Client Developer'and verify TabAvailablity Completed
=========================================

 010: Test Case 'Login with 'Client or Partner Client Enhanced User'and verify TabAvailablity Started
=========================================
[INFO ] 2019-06-30 22:00:00,608 baseProperties.intializeDriver() - Firefox Driver intilized successfully
[INFO ] 2019-06-30 22:00:00,608 baseProperties.intializeDriver() - Firefox Browser selected & Launch
]]></system-out>
    <system-err><![CDATA[1561912197330	mozrunner::runner	INFO	Running command: "C:\\Program Files\\Mozilla Firefox\\firefox.exe" "-marionette" "-foreground" "-no-remote" "-profile" "C:\\Users\\hsingh\\AppData\\Local\\Temp\\rust_mozprofile.7tQzPgp4aDjj"
1561912197956	addons.webextension.screenshots@mozilla.org	WARN	Loading extension 'screenshots@mozilla.org': Reading manifest: Invalid extension permission: mozillaAddons
1561912197956	addons.webextension.screenshots@mozilla.org	WARN	Loading extension 'screenshots@mozilla.org': Reading manifest: Invalid extension permission: resource://pdf.js/
1561912197956	addons.webextension.screenshots@mozilla.org	WARN	Loading extension 'screenshots@mozilla.org': Reading manifest: Invalid extension permission: about:reader*
1561912200147	Marionette	INFO	Listening on port 64083
1561912200570	Marionette	WARN	TLS certificate errors will be ignored for this session
Jun 30, 2019 10:00:00 PM org.openqa.selenium.remote.ProtocolHandshake createSession
INFO: Detected dialect: W3C
]]></system-err>
  </testcase>
  <testcase name="logInWithPartnerClient_EnhancedUser" classname="VW_TC.TC0010_login_With_Client_OR_Partner_Client_Enhanced_User" time="0">
    <skipped message="Reached error page: about:neterror?e=connectionFailure&amp;u=https%3A//os-2k12-vm279.empirix.com/&amp;c=UTF-8&amp;f=regular&amp;d=Firefox%20can%E2%80%99t%20establish%20a%20connection%20to%20the%20server%20at%20os-2k12-vm279.empirix.com.&#10;Build info: version: &apos;3.14.0&apos;, revision: &apos;aacccce0&apos;, time: &apos;2018-08-02T20:19:58.91Z&apos;&#10;System info: host: &apos;REM-L-SINGHH&apos;, ip: &apos;10.12.60.27&apos;, os.name: &apos;Windows 10&apos;, os.arch: &apos;amd64&apos;, os.version: &apos;10.0&apos;, java.version: &apos;1.8.0_171&apos;&#10;Driver info: org.openqa.selenium.firefox.FirefoxDriver&#10;Capabilities {acceptInsecureCerts: true, browserName: firefox, browserVersion: 67.0.4, javascriptEnabled: true, moz:accessibilityChecks: false, moz:buildID: 20190619235627, moz:geckodriverVersion: 0.24.0, moz:headless: false, moz:processID: 21788, moz:profile: C:\Users\hsingh\AppData\Loc..., moz:shutdownTimeout: 60000, moz:useNonSpecCompliantPointerOrigin: false, moz:webdriverClick: true, pageLoadStrategy: normal, platform: WINDOWS, platformName: WINDOWS, platformVersion: 10.0, rotatable: false, setWindowRect: true, strictFileInteractability: false, timeouts: {implicit: 0, pageLoad: 300000, script: 30000}, unhandledPromptBehavior: dismiss and notify}&#10;Session ID: 6ca9182b-13d9-41b0-be95-054d68675ea3"/>
  </testcase>
  <testcase name="TabValidation" classname="VW_TC.TC0010_login_With_Client_OR_Partner_Client_Enhanced_User" time="0">
    <skipped message="Reached error page: about:neterror?e=connectionFailure&amp;u=https%3A//os-2k12-vm279.empirix.com/&amp;c=UTF-8&amp;f=regular&amp;d=Firefox%20can%E2%80%99t%20establish%20a%20connection%20to%20the%20server%20at%20os-2k12-vm279.empirix.com.&#10;Build info: version: &apos;3.14.0&apos;, revision: &apos;aacccce0&apos;, time: &apos;2018-08-02T20:19:58.91Z&apos;&#10;System info: host: &apos;REM-L-SINGHH&apos;, ip: &apos;10.12.60.27&apos;, os.name: &apos;Windows 10&apos;, os.arch: &apos;amd64&apos;, os.version: &apos;10.0&apos;, java.version: &apos;1.8.0_171&apos;&#10;Driver info: org.openqa.selenium.firefox.FirefoxDriver&#10;Capabilities {acceptInsecureCerts: true, browserName: firefox, browserVersion: 67.0.4, javascriptEnabled: true, moz:accessibilityChecks: false, moz:buildID: 20190619235627, moz:geckodriverVersion: 0.24.0, moz:headless: false, moz:processID: 21788, moz:profile: C:\Users\hsingh\AppData\Loc..., moz:shutdownTimeout: 60000, moz:useNonSpecCompliantPointerOrigin: false, moz:webdriverClick: true, pageLoadStrategy: normal, platform: WINDOWS, platformName: WINDOWS, platformVersion: 10.0, rotatable: false, setWindowRect: true, strictFileInteractability: false, timeouts: {implicit: 0, pageLoad: 300000, script: 30000}, unhandledPromptBehavior: dismiss and notify}&#10;Session ID: 6ca9182b-13d9-41b0-be95-054d68675ea3"/>
  </testcase>
  <testcase name="applicationClose" classname="VW_TC.TC0010_login_With_Client_OR_Partner_Client_Enhanced_User" time="0">
    <skipped/>
  </testcase>
  <testcase name="applicationLaunch" classname="VW_TC.TC0011_login_With_Client_OR_Partner_Client_User" time="2,023.05">
    <failure message="Reached error page: about:neterror?e=connectionFailure&amp;u=https%3A//os-2k12-vm279.empirix.com/&amp;c=UTF-8&amp;f=regular&amp;d=Firefox%20can%E2%80%99t%20establish%20a%20connection%20to%20the%20server%20at%20os-2k12-vm279.empirix.com.&#10;Build info: version: &apos;3.14.0&apos;, revision: &apos;aacccce0&apos;, time: &apos;2018-08-02T20:19:58.91Z&apos;&#10;System info: host: &apos;REM-L-SINGHH&apos;, ip: &apos;10.12.60.27&apos;, os.name: &apos;Windows 10&apos;, os.arch: &apos;amd64&apos;, os.version: &apos;10.0&apos;, java.version: &apos;1.8.0_171&apos;&#10;Driver info: org.openqa.selenium.firefox.FirefoxDriver&#10;Capabilities {acceptInsecureCerts: true, browserName: firefox, browserVersion: 67.0.4, javascriptEnabled: true, moz:accessibilityChecks: false, moz:buildID: 20190619235627, moz:geckodriverVersion: 0.24.0, moz:headless: false, moz:processID: 8136, moz:profile: C:\Users\hsingh\AppData\Loc..., moz:shutdownTimeout: 60000, moz:useNonSpecCompliantPointerOrigin: false, moz:webdriverClick: true, pageLoadStrategy: normal, platform: WINDOWS, platformName: WINDOWS, platformVersion: 10.0, rotatable: false, setWindowRect: true, strictFileInteractability: false, timeouts: {implicit: 0, pageLoad: 300000, script: 30000}, unhandledPromptBehavior: dismiss and notify}&#10;Session ID: 2dd13fb9-3816-4b4f-b777-9e24d9e31c95" type="org.openqa.selenium.WebDriverException"><![CDATA[org.openqa.selenium.WebDriverException: 
Reached error page: about:neterror?e=connectionFailure&u=https%3A//os-2k12-vm279.empirix.com/&c=UTF-8&f=regular&d=Firefox%20can%E2%80%99t%20establish%20a%20connection%20to%20the%20server%20at%20os-2k12-vm279.empirix.com.
Build info: version: '3.14.0', revision: 'aacccce0', time: '2018-08-02T20:19:58.91Z'
System info: host: 'REM-L-SINGHH', ip: '10.12.60.27', os.name: 'Windows 10', os.arch: 'amd64', os.version: '10.0', java.version: '1.8.0_171'
Driver info: org.openqa.selenium.firefox.FirefoxDriver
Capabilities {acceptInsecureCerts: true, browserName: firefox, browserVersion: 67.0.4, javascriptEnabled: true, moz:accessibilityChecks: false, moz:buildID: 20190619235627, moz:geckodriverVersion: 0.24.0, moz:headless: false, moz:processID: 8136, moz:profile: C:\Users\hsingh\AppData\Loc..., moz:shutdownTimeout: 60000, moz:useNonSpecCompliantPointerOrigin: false, moz:webdriverClick: true, pageLoadStrategy: normal, platform: WINDOWS, platformName: WINDOWS, platformVersion: 10.0, rotatable: false, setWindowRect: true, strictFileInteractability: false, timeouts: {implicit: 0, pageLoad: 300000, script: 30000}, unhandledPromptBehavior: dismiss and notify}
Session ID: 2dd13fb9-3816-4b4f-b777-9e24d9e31c95
	at VW_TC.TC0011_login_With_Client_OR_Partner_Client_User.applicationLaunch(TC0011_login_With_Client_OR_Partner_Client_User.java:34)
]]></failure>
    <system-out><![CDATA[
 010: Test Case 'Login with 'Client or Partner Client Enhanced User'and verify TabAvailablity Completed
=========================================

 011: Test Case 'Login with 'Client or Partner Client User'and verify TabAvailablity Started
=========================================
[INFO ] 2019-06-30 22:00:04,541 baseProperties.intializeDriver() - Firefox Driver intilized successfully
[INFO ] 2019-06-30 22:00:04,542 baseProperties.intializeDriver() - Firefox Browser selected & Launch
]]></system-out>
    <system-err><![CDATA[1561912201263	mozrunner::runner	INFO	Running command: "C:\\Program Files\\Mozilla Firefox\\firefox.exe" "-marionette" "-foreground" "-no-remote" "-profile" "C:\\Users\\hsingh\\AppData\\Local\\Temp\\rust_mozprofile.2o4tKfqsFx7X"
1561912201874	addons.webextension.screenshots@mozilla.org	WARN	Loading extension 'screenshots@mozilla.org': Reading manifest: Invalid extension permission: mozillaAddons
1561912201874	addons.webextension.screenshots@mozilla.org	WARN	Loading extension 'screenshots@mozilla.org': Reading manifest: Invalid extension permission: resource://pdf.js/
1561912201874	addons.webextension.screenshots@mozilla.org	WARN	Loading extension 'screenshots@mozilla.org': Reading manifest: Invalid extension permission: about:reader*
1561912204098	Marionette	INFO	Listening on port 64098
1561912204497	Marionette	WARN	TLS certificate errors will be ignored for this session
Jun 30, 2019 10:00:04 PM org.openqa.selenium.remote.ProtocolHandshake createSession
INFO: Detected dialect: W3C
]]></system-err>
  </testcase>
  <testcase name="logInWithPartnerClient_User" classname="VW_TC.TC0011_login_With_Client_OR_Partner_Client_User" time="0">
    <skipped message="Reached error page: about:neterror?e=connectionFailure&amp;u=https%3A//os-2k12-vm279.empirix.com/&amp;c=UTF-8&amp;f=regular&amp;d=Firefox%20can%E2%80%99t%20establish%20a%20connection%20to%20the%20server%20at%20os-2k12-vm279.empirix.com.&#10;Build info: version: &apos;3.14.0&apos;, revision: &apos;aacccce0&apos;, time: &apos;2018-08-02T20:19:58.91Z&apos;&#10;System info: host: &apos;REM-L-SINGHH&apos;, ip: &apos;10.12.60.27&apos;, os.name: &apos;Windows 10&apos;, os.arch: &apos;amd64&apos;, os.version: &apos;10.0&apos;, java.version: &apos;1.8.0_171&apos;&#10;Driver info: org.openqa.selenium.firefox.FirefoxDriver&#10;Capabilities {acceptInsecureCerts: true, browserName: firefox, browserVersion: 67.0.4, javascriptEnabled: true, moz:accessibilityChecks: false, moz:buildID: 20190619235627, moz:geckodriverVersion: 0.24.0, moz:headless: false, moz:processID: 8136, moz:profile: C:\Users\hsingh\AppData\Loc..., moz:shutdownTimeout: 60000, moz:useNonSpecCompliantPointerOrigin: false, moz:webdriverClick: true, pageLoadStrategy: normal, platform: WINDOWS, platformName: WINDOWS, platformVersion: 10.0, rotatable: false, setWindowRect: true, strictFileInteractability: false, timeouts: {implicit: 0, pageLoad: 300000, script: 30000}, unhandledPromptBehavior: dismiss and notify}&#10;Session ID: 2dd13fb9-3816-4b4f-b777-9e24d9e31c95"/>
  </testcase>
  <testcase name="TabValidation" classname="VW_TC.TC0011_login_With_Client_OR_Partner_Client_User" time="0">
    <skipped message="Reached error page: about:neterror?e=connectionFailure&amp;u=https%3A//os-2k12-vm279.empirix.com/&amp;c=UTF-8&amp;f=regular&amp;d=Firefox%20can%E2%80%99t%20establish%20a%20connection%20to%20the%20server%20at%20os-2k12-vm279.empirix.com.&#10;Build info: version: &apos;3.14.0&apos;, revision: &apos;aacccce0&apos;, time: &apos;2018-08-02T20:19:58.91Z&apos;&#10;System info: host: &apos;REM-L-SINGHH&apos;, ip: &apos;10.12.60.27&apos;, os.name: &apos;Windows 10&apos;, os.arch: &apos;amd64&apos;, os.version: &apos;10.0&apos;, java.version: &apos;1.8.0_171&apos;&#10;Driver info: org.openqa.selenium.firefox.FirefoxDriver&#10;Capabilities {acceptInsecureCerts: true, browserName: firefox, browserVersion: 67.0.4, javascriptEnabled: true, moz:accessibilityChecks: false, moz:buildID: 20190619235627, moz:geckodriverVersion: 0.24.0, moz:headless: false, moz:processID: 8136, moz:profile: C:\Users\hsingh\AppData\Loc..., moz:shutdownTimeout: 60000, moz:useNonSpecCompliantPointerOrigin: false, moz:webdriverClick: true, pageLoadStrategy: normal, platform: WINDOWS, platformName: WINDOWS, platformVersion: 10.0, rotatable: false, setWindowRect: true, strictFileInteractability: false, timeouts: {implicit: 0, pageLoad: 300000, script: 30000}, unhandledPromptBehavior: dismiss and notify}&#10;Session ID: 2dd13fb9-3816-4b4f-b777-9e24d9e31c95"/>
  </testcase>
  <testcase name="applicationClose" classname="VW_TC.TC0011_login_With_Client_OR_Partner_Client_User" time="0">
    <skipped/>
  </testcase>
</testsuite>