<?xml version="1.0" encoding="UTF-8"?>
<testng-results skipped="0" failed="0" ignored="0" total="2" passed="2">
  <reporter-output>
  </reporter-output>
  <suite name="Default suite" duration-ms="649604" started-at="2019-07-26T10:27:23Z" finished-at="2019-07-26T10:38:13Z">
    <groups>
    </groups>
    <test name="Default test" duration-ms="649604" started-at="2019-07-26T10:27:23Z" finished-at="2019-07-26T10:38:13Z">
      <class name="VW_TC.TC0000_Debug_Testing1">
        <test-method status="PASS" signature="applicationLaunch()[pri:0, instance:VW_TC.TC0000_Debug_Testing1@55141def]" name="applicationLaunch" is-config="true" duration-ms="28139" started-at="2019-07-26T10:27:23Z" finished-at="2019-07-26T10:27:51Z">
          <reporter-output>
          </reporter-output>
        </test-method> <!-- applicationLaunch -->
        <test-method status="PASS" signature="logInWithExpirixBusinessAnalyst()[pri:1, instance:VW_TC.TC0000_Debug_Testing1@55141def]" name="logInWithExpirixBusinessAnalyst" duration-ms="15572" started-at="2019-07-26T10:27:51Z" finished-at="2019-07-26T10:28:07Z">
          <reporter-output>
          </reporter-output>
        </test-method> <!-- logInWithExpirixBusinessAnalyst -->
        <test-method status="PASS" signature="scriptTabValidation()[pri:9, instance:VW_TC.TC0000_Debug_Testing1@55141def]" name="scriptTabValidation" duration-ms="605492" started-at="2019-07-26T10:28:07Z" finished-at="2019-07-26T10:38:12Z">
          <reporter-output>
          </reporter-output>
        </test-method> <!-- scriptTabValidation -->
        <test-method status="PASS" signature="applicationClose()[pri:0, instance:VW_TC.TC0000_Debug_Testing1@55141def]" name="applicationClose" is-config="true" duration-ms="384" started-at="2019-07-26T10:38:12Z" finished-at="2019-07-26T10:38:13Z">
          <reporter-output>
          </reporter-output>
        </test-method> <!-- applicationClose -->
      </class> <!-- VW_TC.TC0000_Debug_Testing1 -->
    </test> <!-- Default test -->
  </suite> <!-- Default suite -->
</testng-results>
