<?xml version="1.0" encoding="UTF-8"?>
<testng-results skipped="0" failed="0" ignored="0" total="2" passed="2">
  <reporter-output>
  </reporter-output>
  <suite name="Default suite" duration-ms="133292" started-at="2019-07-12T10:10:34Z" finished-at="2019-07-12T10:12:48Z">
    <groups>
    </groups>
    <test name="Default test" duration-ms="133292" started-at="2019-07-12T10:10:34Z" finished-at="2019-07-12T10:12:48Z">
      <class name="VW_TC.TC0007_login_With_Partner_User">
        <test-method status="PASS" signature="applicationLaunch()[pri:0, instance:VW_TC.TC0007_login_With_Partner_User@1aafa419]" name="applicationLaunch" is-config="true" duration-ms="18237" started-at="2019-07-12T10:10:34Z" finished-at="2019-07-12T10:10:53Z">
          <reporter-output>
          </reporter-output>
        </test-method> <!-- applicationLaunch -->
        <test-method status="PASS" signature="logInWithPartnerUser()[pri:1, instance:VW_TC.TC0007_login_With_Partner_User@1aafa419]" name="logInWithPartnerUser" duration-ms="11662" started-at="2019-07-12T10:10:53Z" finished-at="2019-07-12T10:11:04Z">
          <reporter-output>
          </reporter-output>
        </test-method> <!-- logInWithPartnerUser -->
        <test-method status="PASS" signature="testTabValidation()[pri:7, instance:VW_TC.TC0007_login_With_Partner_User@1aafa419]" name="testTabValidation" duration-ms="102606" started-at="2019-07-12T10:11:04Z" finished-at="2019-07-12T10:12:47Z">
          <reporter-output>
          </reporter-output>
        </test-method> <!-- testTabValidation -->
        <test-method status="PASS" signature="applicationClose()[pri:0, instance:VW_TC.TC0007_login_With_Partner_User@1aafa419]" name="applicationClose" is-config="true" duration-ms="771" started-at="2019-07-12T10:12:47Z" finished-at="2019-07-12T10:12:48Z">
          <reporter-output>
          </reporter-output>
        </test-method> <!-- applicationClose -->
      </class> <!-- VW_TC.TC0007_login_With_Partner_User -->
    </test> <!-- Default test -->
  </suite> <!-- Default suite -->
</testng-results>
