<?xml version="1.0" encoding="UTF-8"?>
<testng-results skipped="0" failed="0" ignored="0" total="6" passed="6">
  <reporter-output>
  </reporter-output>
  <suite name="Default suite" duration-ms="152415" started-at="2019-07-07T07:12:45Z" finished-at="2019-07-07T07:15:17Z">
    <groups>
    </groups>
    <test name="Default test" duration-ms="152415" started-at="2019-07-07T07:12:45Z" finished-at="2019-07-07T07:15:17Z">
      <class name="VW_TC.TC0007_login_With_Partner_User">
        <test-method status="PASS" signature="applicationLaunch()[pri:0, instance:VW_TC.TC0007_login_With_Partner_User@1aafa419]" name="applicationLaunch" is-config="true" duration-ms="28542" started-at="2019-07-07T07:12:45Z" finished-at="2019-07-07T07:13:14Z">
          <reporter-output>
          </reporter-output>
        </test-method> <!-- applicationLaunch -->
        <test-method status="PASS" signature="logInWithPartnerUser()[pri:1, instance:VW_TC.TC0007_login_With_Partner_User@1aafa419]" name="logInWithPartnerUser" duration-ms="14996" started-at="2019-07-07T07:13:14Z" finished-at="2019-07-07T07:13:29Z">
          <reporter-output>
          </reporter-output>
        </test-method> <!-- logInWithPartnerUser -->
        <test-method status="PASS" signature="headerMandatoryDetails()[pri:2, instance:VW_TC.TC0007_login_With_Partner_User@1aafa419]" name="headerMandatoryDetails" duration-ms="347" started-at="2019-07-07T07:13:29Z" finished-at="2019-07-07T07:13:29Z">
          <reporter-output>
          </reporter-output>
        </test-method> <!-- headerMandatoryDetails -->
        <test-method status="PASS" signature="footerMandatoryDetails()[pri:3, instance:VW_TC.TC0007_login_With_Partner_User@1aafa419]" name="footerMandatoryDetails" duration-ms="343" started-at="2019-07-07T07:13:29Z" finished-at="2019-07-07T07:13:29Z">
          <reporter-output>
          </reporter-output>
        </test-method> <!-- footerMandatoryDetails -->
        <test-method status="PASS" signature="dashBoardTabValidation()[pri:5, instance:VW_TC.TC0007_login_With_Partner_User@1aafa419]" name="dashBoardTabValidation" duration-ms="2563" started-at="2019-07-07T07:13:29Z" finished-at="2019-07-07T07:13:32Z">
          <reporter-output>
          </reporter-output>
        </test-method> <!-- dashBoardTabValidation -->
        <test-method status="PASS" signature="alertTabValidation()[pri:6, instance:VW_TC.TC0007_login_With_Partner_User@1aafa419]" name="alertTabValidation" duration-ms="1793" started-at="2019-07-07T07:13:32Z" finished-at="2019-07-07T07:13:34Z">
          <reporter-output>
          </reporter-output>
        </test-method> <!-- alertTabValidation -->
        <test-method status="PASS" signature="testTabValidation()[pri:7, instance:VW_TC.TC0007_login_With_Partner_User@1aafa419]" name="testTabValidation" duration-ms="103286" started-at="2019-07-07T07:13:34Z" finished-at="2019-07-07T07:15:17Z">
          <reporter-output>
          </reporter-output>
        </test-method> <!-- testTabValidation -->
        <test-method status="PASS" signature="applicationClose()[pri:0, instance:VW_TC.TC0007_login_With_Partner_User@1aafa419]" name="applicationClose" is-config="true" duration-ms="537" started-at="2019-07-07T07:15:17Z" finished-at="2019-07-07T07:15:17Z">
          <reporter-output>
          </reporter-output>
        </test-method> <!-- applicationClose -->
      </class> <!-- VW_TC.TC0007_login_With_Partner_User -->
    </test> <!-- Default test -->
  </suite> <!-- Default suite -->
</testng-results>
