<?xml version="1.0" encoding="UTF-8"?>
<testng-results skipped="0" failed="0" ignored="0" total="4" passed="4">
  <reporter-output>
  </reporter-output>
  <suite name="Default suite" duration-ms="44642" started-at="2019-07-01T16:22:14Z" finished-at="2019-07-01T16:22:59Z">
    <groups>
    </groups>
    <test name="Default test" duration-ms="44642" started-at="2019-07-01T16:22:14Z" finished-at="2019-07-01T16:22:59Z">
      <class name="VW_TC.TC0002_login_With_Exmpirix_Admin">
        <test-method status="PASS" signature="applicationLaunch()[pri:0, instance:VW_TC.TC0002_login_With_Exmpirix_Admin@1aafa419]" name="applicationLaunch" is-config="true" duration-ms="23291" started-at="2019-07-01T16:22:14Z" finished-at="2019-07-01T16:22:38Z">
          <reporter-output>
          </reporter-output>
        </test-method> <!-- applicationLaunch -->
        <test-method status="PASS" signature="logInWithExpirixAdmin()[pri:1, instance:VW_TC.TC0002_login_With_Exmpirix_Admin@1aafa419]" name="logInWithExpirixAdmin" duration-ms="18913" started-at="2019-07-01T16:22:38Z" finished-at="2019-07-01T16:22:57Z">
          <reporter-output>
          </reporter-output>
        </test-method> <!-- logInWithExpirixAdmin -->
        <test-method status="PASS" signature="headerMandatoryDetails()[pri:2, instance:VW_TC.TC0002_login_With_Exmpirix_Admin@1aafa419]" name="headerMandatoryDetails" duration-ms="360" started-at="2019-07-01T16:22:57Z" finished-at="2019-07-01T16:22:57Z">
          <reporter-output>
          </reporter-output>
        </test-method> <!-- headerMandatoryDetails -->
        <test-method status="PASS" signature="footerMandatoryDetails()[pri:3, instance:VW_TC.TC0002_login_With_Exmpirix_Admin@1aafa419]" name="footerMandatoryDetails" duration-ms="190" started-at="2019-07-01T16:22:57Z" finished-at="2019-07-01T16:22:57Z">
          <reporter-output>
          </reporter-output>
        </test-method> <!-- footerMandatoryDetails -->
        <test-method status="PASS" signature="TabAvailabilityValidation()[pri:4, instance:VW_TC.TC0002_login_With_Exmpirix_Admin@1aafa419]" name="TabAvailabilityValidation" duration-ms="1002" started-at="2019-07-01T16:22:57Z" finished-at="2019-07-01T16:22:58Z">
          <reporter-output>
          </reporter-output>
        </test-method> <!-- TabAvailabilityValidation -->
        <test-method status="PASS" signature="applicationClose()[pri:0, instance:VW_TC.TC0002_login_With_Exmpirix_Admin@1aafa419]" name="applicationClose" is-config="true" duration-ms="853" started-at="2019-07-01T16:22:58Z" finished-at="2019-07-01T16:22:59Z">
          <reporter-output>
          </reporter-output>
        </test-method> <!-- applicationClose -->
      </class> <!-- VW_TC.TC0002_login_With_Exmpirix_Admin -->
    </test> <!-- Default test -->
  </suite> <!-- Default suite -->
</testng-results>
