<?xml version="1.0" encoding="UTF-8"?>
<testng-results skipped="0" failed="0" ignored="0" total="3" passed="3">
  <reporter-output>
  </reporter-output>
  <suite name="Default suite" duration-ms="159419" started-at="2019-07-28T08:09:45Z" finished-at="2019-07-28T08:12:25Z">
    <groups>
    </groups>
    <test name="Default test" duration-ms="159419" started-at="2019-07-28T08:09:45Z" finished-at="2019-07-28T08:12:25Z">
      <class name="VW_TC.TC0002_login_With_Exmpirix_Admin">
        <test-method status="PASS" signature="applicationLaunch()[pri:0, instance:VW_TC.TC0002_login_With_Exmpirix_Admin@55141def]" name="applicationLaunch" is-config="true" duration-ms="30285" started-at="2019-07-28T08:09:45Z" finished-at="2019-07-28T08:10:15Z">
          <reporter-output>
          </reporter-output>
        </test-method> <!-- applicationLaunch -->
        <test-method status="PASS" signature="logInWithExpirixAdmin()[pri:1, instance:VW_TC.TC0002_login_With_Exmpirix_Admin@55141def]" name="logInWithExpirixAdmin" duration-ms="25436" started-at="2019-07-28T08:10:15Z" finished-at="2019-07-28T08:10:41Z">
          <reporter-output>
          </reporter-output>
        </test-method> <!-- logInWithExpirixAdmin -->
        <test-method status="PASS" signature="scriptTabValidation()[pri:9, instance:VW_TC.TC0002_login_With_Exmpirix_Admin@55141def]" name="scriptTabValidation" duration-ms="79242" started-at="2019-07-28T08:10:41Z" finished-at="2019-07-28T08:12:00Z">
          <reporter-output>
          </reporter-output>
        </test-method> <!-- scriptTabValidation -->
        <test-method status="PASS" signature="variableTabValidation()[pri:10, instance:VW_TC.TC0002_login_With_Exmpirix_Admin@55141def]" name="variableTabValidation" duration-ms="24306" started-at="2019-07-28T08:12:00Z" finished-at="2019-07-28T08:12:24Z">
          <reporter-output>
          </reporter-output>
        </test-method> <!-- variableTabValidation -->
        <test-method status="PASS" signature="applicationClose()[pri:0, instance:VW_TC.TC0002_login_With_Exmpirix_Admin@55141def]" name="applicationClose" is-config="true" duration-ms="119" started-at="2019-07-28T08:12:24Z" finished-at="2019-07-28T08:12:25Z">
          <reporter-output>
          </reporter-output>
        </test-method> <!-- applicationClose -->
      </class> <!-- VW_TC.TC0002_login_With_Exmpirix_Admin -->
    </test> <!-- Default test -->
  </suite> <!-- Default suite -->
</testng-results>
