<?xml version="1.0" encoding="UTF-8"?>
<testng-results skipped="0" failed="0" ignored="0" total="3" passed="3">
  <reporter-output>
  </reporter-output>
  <suite name="Default suite" duration-ms="87806" started-at="2019-07-13T05:07:23Z" finished-at="2019-07-13T05:08:51Z">
    <groups>
    </groups>
    <test name="Default test" duration-ms="87806" started-at="2019-07-13T05:07:23Z" finished-at="2019-07-13T05:08:51Z">
      <class name="VW_TC.TC0002_login_With_Exmpirix_Admin">
        <test-method status="PASS" signature="applicationLaunch()[pri:0, instance:VW_TC.TC0002_login_With_Exmpirix_Admin@1aafa419]" name="applicationLaunch" is-config="true" duration-ms="19681" started-at="2019-07-13T05:07:23Z" finished-at="2019-07-13T05:07:43Z">
          <reporter-output>
          </reporter-output>
        </test-method> <!-- applicationLaunch -->
        <test-method status="PASS" signature="logInWithExpirixAdmin()[pri:1, instance:VW_TC.TC0002_login_With_Exmpirix_Admin@1aafa419]" name="logInWithExpirixAdmin" duration-ms="20619" started-at="2019-07-13T05:07:43Z" finished-at="2019-07-13T05:08:04Z">
          <reporter-output>
          </reporter-output>
        </test-method> <!-- logInWithExpirixAdmin -->
        <test-method status="PASS" signature="testTabValidation()[pri:7, instance:VW_TC.TC0002_login_With_Exmpirix_Admin@1aafa419]" name="testTabValidation" duration-ms="32503" started-at="2019-07-13T05:08:04Z" finished-at="2019-07-13T05:08:36Z">
          <reporter-output>
          </reporter-output>
        </test-method> <!-- testTabValidation -->
        <test-method status="PASS" signature="tagTabValidation()[pri:8, instance:VW_TC.TC0002_login_With_Exmpirix_Admin@1aafa419]" name="tagTabValidation" duration-ms="14212" started-at="2019-07-13T05:08:36Z" finished-at="2019-07-13T05:08:50Z">
          <reporter-output>
          </reporter-output>
        </test-method> <!-- tagTabValidation -->
        <test-method status="PASS" signature="applicationClose()[pri:0, instance:VW_TC.TC0002_login_With_Exmpirix_Admin@1aafa419]" name="applicationClose" is-config="true" duration-ms="772" started-at="2019-07-13T05:08:50Z" finished-at="2019-07-13T05:08:51Z">
          <reporter-output>
          </reporter-output>
        </test-method> <!-- applicationClose -->
      </class> <!-- VW_TC.TC0002_login_With_Exmpirix_Admin -->
    </test> <!-- Default test -->
  </suite> <!-- Default suite -->
</testng-results>
