<?xml version="1.0" encoding="UTF-8"?>
<testng-results skipped="0" failed="0" ignored="0" total="4" passed="4">
  <reporter-output>
  </reporter-output>
  <suite name="Default suite" duration-ms="34130" started-at="2019-07-02T20:06:53Z" finished-at="2019-07-02T20:07:28Z">
    <groups>
    </groups>
    <test name="Default test" duration-ms="34130" started-at="2019-07-02T20:06:53Z" finished-at="2019-07-02T20:07:28Z">
      <class name="VW_TC.TC0005_login_With_Partner_Developer">
        <test-method status="PASS" signature="applicationLaunch()[pri:0, instance:VW_TC.TC0005_login_With_Partner_Developer@1aafa419]" name="applicationLaunch" is-config="true" duration-ms="18835" started-at="2019-07-02T20:06:53Z" finished-at="2019-07-02T20:07:12Z">
          <reporter-output>
          </reporter-output>
        </test-method> <!-- applicationLaunch -->
        <test-method status="PASS" signature="logInWithPartnerDevelopment()[pri:1, instance:VW_TC.TC0005_login_With_Partner_Developer@1aafa419]" name="logInWithPartnerDevelopment" duration-ms="12172" started-at="2019-07-02T20:07:12Z" finished-at="2019-07-02T20:07:25Z">
          <reporter-output>
          </reporter-output>
        </test-method> <!-- logInWithPartnerDevelopment -->
        <test-method status="PASS" signature="headerMandatoryDetails()[pri:2, instance:VW_TC.TC0005_login_With_Partner_Developer@1aafa419]" name="headerMandatoryDetails" duration-ms="379" started-at="2019-07-02T20:07:25Z" finished-at="2019-07-02T20:07:25Z">
          <reporter-output>
          </reporter-output>
        </test-method> <!-- headerMandatoryDetails -->
        <test-method status="PASS" signature="footerMandatoryDetails()[pri:3, instance:VW_TC.TC0005_login_With_Partner_Developer@1aafa419]" name="footerMandatoryDetails" duration-ms="238" started-at="2019-07-02T20:07:25Z" finished-at="2019-07-02T20:07:25Z">
          <reporter-output>
          </reporter-output>
        </test-method> <!-- footerMandatoryDetails -->
        <test-method status="PASS" signature="alertTabValidation()[pri:6, instance:VW_TC.TC0005_login_With_Partner_Developer@1aafa419]" name="alertTabValidation" duration-ms="1649" started-at="2019-07-02T20:07:25Z" finished-at="2019-07-02T20:07:27Z">
          <reporter-output>
          </reporter-output>
        </test-method> <!-- alertTabValidation -->
        <test-method status="PASS" signature="applicationClose()[pri:0, instance:VW_TC.TC0005_login_With_Partner_Developer@1aafa419]" name="applicationClose" is-config="true" duration-ms="847" started-at="2019-07-02T20:07:27Z" finished-at="2019-07-02T20:07:28Z">
          <reporter-output>
          </reporter-output>
        </test-method> <!-- applicationClose -->
      </class> <!-- VW_TC.TC0005_login_With_Partner_Developer -->
    </test> <!-- Default test -->
  </suite> <!-- Default suite -->
</testng-results>
