<?xml version="1.0" encoding="UTF-8"?>
<testng-results skipped="0" failed="0" ignored="0" total="9" passed="9">
  <reporter-output>
  </reporter-output>
  <suite name="Default suite" duration-ms="183655" started-at="2019-07-23T15:44:59Z" finished-at="2019-07-23T15:48:03Z">
    <groups>
    </groups>
    <test name="Default test" duration-ms="183655" started-at="2019-07-23T15:44:59Z" finished-at="2019-07-23T15:48:03Z">
      <class name="VW_TC.TC0002_login_With_Exmpirix_Admin">
        <test-method status="PASS" signature="applicationLaunch()[pri:0, instance:VW_TC.TC0002_login_With_Exmpirix_Admin@55182842]" name="applicationLaunch" is-config="true" duration-ms="35963" started-at="2019-07-23T15:44:59Z" finished-at="2019-07-23T15:45:35Z">
          <reporter-output>
          </reporter-output>
        </test-method> <!-- applicationLaunch -->
        <test-method status="PASS" signature="logInWithExpirixAdmin()[pri:1, instance:VW_TC.TC0002_login_With_Exmpirix_Admin@55182842]" name="logInWithExpirixAdmin" duration-ms="20693" started-at="2019-07-23T15:45:35Z" finished-at="2019-07-23T15:45:56Z">
          <reporter-output>
          </reporter-output>
        </test-method> <!-- logInWithExpirixAdmin -->
        <test-method status="PASS" signature="headerMandatoryDetails()[pri:2, instance:VW_TC.TC0002_login_With_Exmpirix_Admin@55182842]" name="headerMandatoryDetails" duration-ms="442" started-at="2019-07-23T15:45:56Z" finished-at="2019-07-23T15:45:57Z">
          <reporter-output>
          </reporter-output>
        </test-method> <!-- headerMandatoryDetails -->
        <test-method status="PASS" signature="footerMandatoryDetails()[pri:3, instance:VW_TC.TC0002_login_With_Exmpirix_Admin@55182842]" name="footerMandatoryDetails" duration-ms="319" started-at="2019-07-23T15:45:57Z" finished-at="2019-07-23T15:45:57Z">
          <reporter-output>
          </reporter-output>
        </test-method> <!-- footerMandatoryDetails -->
        <test-method status="PASS" signature="TabAvailabilityValidation()[pri:4, instance:VW_TC.TC0002_login_With_Exmpirix_Admin@55182842]" name="TabAvailabilityValidation" duration-ms="568" started-at="2019-07-23T15:45:57Z" finished-at="2019-07-23T15:45:57Z">
          <reporter-output>
          </reporter-output>
        </test-method> <!-- TabAvailabilityValidation -->
        <test-method status="PASS" signature="dashBoardTabValidation()[pri:5, instance:VW_TC.TC0002_login_With_Exmpirix_Admin@55182842]" name="dashBoardTabValidation" duration-ms="2941" started-at="2019-07-23T15:45:57Z" finished-at="2019-07-23T15:46:00Z">
          <reporter-output>
          </reporter-output>
        </test-method> <!-- dashBoardTabValidation -->
        <test-method status="PASS" signature="alertTabValidation()[pri:6, instance:VW_TC.TC0002_login_With_Exmpirix_Admin@55182842]" name="alertTabValidation" duration-ms="2492" started-at="2019-07-23T15:46:00Z" finished-at="2019-07-23T15:46:03Z">
          <reporter-output>
          </reporter-output>
        </test-method> <!-- alertTabValidation -->
        <test-method status="PASS" signature="testTabValidation()[pri:7, instance:VW_TC.TC0002_login_With_Exmpirix_Admin@55182842]" name="testTabValidation" duration-ms="60596" started-at="2019-07-23T15:46:03Z" finished-at="2019-07-23T15:47:04Z">
          <reporter-output>
          </reporter-output>
        </test-method> <!-- testTabValidation -->
        <test-method status="PASS" signature="tagTabValidation()[pri:8, instance:VW_TC.TC0002_login_With_Exmpirix_Admin@55182842]" name="tagTabValidation" duration-ms="13244" started-at="2019-07-23T15:47:04Z" finished-at="2019-07-23T15:47:17Z">
          <reporter-output>
          </reporter-output>
        </test-method> <!-- tagTabValidation -->
        <test-method status="PASS" signature="scriptTabValidation()[pri:9, instance:VW_TC.TC0002_login_With_Exmpirix_Admin@55182842]" name="scriptTabValidation" duration-ms="46274" started-at="2019-07-23T15:47:17Z" finished-at="2019-07-23T15:48:03Z">
          <reporter-output>
          </reporter-output>
        </test-method> <!-- scriptTabValidation -->
        <test-method status="PASS" signature="applicationClose()[pri:0, instance:VW_TC.TC0002_login_With_Exmpirix_Admin@55182842]" name="applicationClose" is-config="true" duration-ms="76" started-at="2019-07-23T15:48:03Z" finished-at="2019-07-23T15:48:03Z">
          <reporter-output>
          </reporter-output>
        </test-method> <!-- applicationClose -->
      </class> <!-- VW_TC.TC0002_login_With_Exmpirix_Admin -->
    </test> <!-- Default test -->
  </suite> <!-- Default suite -->
</testng-results>
