<?xml version="1.0" encoding="UTF-8"?>
<testng-results skipped="0" failed="0" ignored="0" total="2" passed="2">
  <reporter-output>
  </reporter-output>
  <suite name="Default suite" duration-ms="34087" started-at="2019-06-30T14:54:47Z" finished-at="2019-06-30T14:55:21Z">
    <groups>
    </groups>
    <test name="Default test" duration-ms="34087" started-at="2019-06-30T14:54:47Z" finished-at="2019-06-30T14:55:21Z">
      <class name="VW_TC.linktest">
        <test-method status="PASS" signature="navigateToAllLinks()[pri:0, instance:VW_TC.linktest@10e41621]" name="navigateToAllLinks" is-config="true" duration-ms="20034" started-at="2019-06-30T14:54:47Z" finished-at="2019-06-30T14:55:07Z">
          <reporter-output>
          </reporter-output>
        </test-method> <!-- navigateToAllLinks -->
        <test-method status="PASS" signature="logInWithExpirixAdmin()[pri:1, instance:VW_TC.linktest@10e41621]" name="logInWithExpirixAdmin" duration-ms="12984" started-at="2019-06-30T14:55:07Z" finished-at="2019-06-30T14:55:20Z">
          <reporter-output>
          </reporter-output>
        </test-method> <!-- logInWithExpirixAdmin -->
        <test-method status="PASS" signature="linktest()[pri:2, instance:VW_TC.linktest@10e41621]" name="linktest" duration-ms="1013" started-at="2019-06-30T14:55:20Z" finished-at="2019-06-30T14:55:21Z">
          <reporter-output>
          </reporter-output>
        </test-method> <!-- linktest -->
      </class> <!-- VW_TC.linktest -->
    </test> <!-- Default test -->
  </suite> <!-- Default suite -->
</testng-results>
