<?xml version="1.0" encoding="UTF-8"?>
<testng-results skipped="0" failed="0" ignored="0" total="2" passed="2">
  <reporter-output>
  </reporter-output>
  <suite name="Default suite" duration-ms="143449" started-at="2019-07-17T17:07:28Z" finished-at="2019-07-17T17:09:51Z">
    <groups>
    </groups>
    <test name="Default test" duration-ms="143449" started-at="2019-07-17T17:07:28Z" finished-at="2019-07-17T17:09:51Z">
      <class name="VW_TC.TC0000_Debug_Testing">
        <test-method status="PASS" signature="applicationLaunch()[pri:0, instance:VW_TC.TC0000_Debug_Testing@55141def]" name="applicationLaunch" is-config="true" duration-ms="41465" started-at="2019-07-17T17:07:28Z" finished-at="2019-07-17T17:08:09Z">
          <reporter-output>
          </reporter-output>
        </test-method> <!-- applicationLaunch -->
        <test-method status="PASS" signature="logInWithExpirixAdmin()[pri:1, instance:VW_TC.TC0000_Debug_Testing@55141def]" name="logInWithExpirixAdmin" duration-ms="34906" started-at="2019-07-17T17:08:10Z" finished-at="2019-07-17T17:08:44Z">
          <reporter-output>
          </reporter-output>
        </test-method> <!-- logInWithExpirixAdmin -->
        <test-method status="PASS" signature="scriptTabValidation()[pri:9, instance:VW_TC.TC0000_Debug_Testing@55141def]" name="scriptTabValidation" duration-ms="65524" started-at="2019-07-17T17:08:45Z" finished-at="2019-07-17T17:09:50Z">
          <reporter-output>
          </reporter-output>
        </test-method> <!-- scriptTabValidation -->
        <test-method status="PASS" signature="applicationClose()[pri:0, instance:VW_TC.TC0000_Debug_Testing@55141def]" name="applicationClose" is-config="true" duration-ms="1343" started-at="2019-07-17T17:09:50Z" finished-at="2019-07-17T17:09:51Z">
          <reporter-output>
          </reporter-output>
        </test-method> <!-- applicationClose -->
      </class> <!-- VW_TC.TC0000_Debug_Testing -->
    </test> <!-- Default test -->
  </suite> <!-- Default suite -->
</testng-results>
