<?xml version="1.0" encoding="UTF-8"?>
<testng-results skipped="0" failed="0" ignored="0" total="3" passed="3">
  <reporter-output>
  </reporter-output>
  <suite name="Default suite" duration-ms="55351" started-at="2019-07-14T15:36:40Z" finished-at="2019-07-14T15:37:35Z">
    <groups>
    </groups>
    <test name="Default test" duration-ms="55351" started-at="2019-07-14T15:36:40Z" finished-at="2019-07-14T15:37:35Z">
      <class name="VW_TC.TC0007_login_With_Partner_User">
        <test-method status="PASS" signature="applicationLaunch()[pri:0, instance:VW_TC.TC0007_login_With_Partner_User@55141def]" name="applicationLaunch" is-config="true" duration-ms="33327" started-at="2019-07-14T15:36:40Z" finished-at="2019-07-14T15:37:13Z">
          <reporter-output>
          </reporter-output>
        </test-method> <!-- applicationLaunch -->
        <test-method status="PASS" signature="logInWithPartnerUser()[pri:1, instance:VW_TC.TC0007_login_With_Partner_User@55141def]" name="logInWithPartnerUser" duration-ms="15628" started-at="2019-07-14T15:37:13Z" finished-at="2019-07-14T15:37:29Z">
          <reporter-output>
          </reporter-output>
        </test-method> <!-- logInWithPartnerUser -->
        <test-method status="PASS" signature="alertTabValidation()[pri:6, instance:VW_TC.TC0007_login_With_Partner_User@55141def]" name="alertTabValidation" duration-ms="2772" started-at="2019-07-14T15:37:29Z" finished-at="2019-07-14T15:37:31Z">
          <reporter-output>
          </reporter-output>
        </test-method> <!-- alertTabValidation -->
        <test-method status="PASS" signature="testTabValidation()[pri:7, instance:VW_TC.TC0007_login_With_Partner_User@55141def]" name="testTabValidation" duration-ms="2724" started-at="2019-07-14T15:37:31Z" finished-at="2019-07-14T15:37:34Z">
          <reporter-output>
          </reporter-output>
        </test-method> <!-- testTabValidation -->
        <test-method status="PASS" signature="applicationClose()[pri:0, instance:VW_TC.TC0007_login_With_Partner_User@55141def]" name="applicationClose" is-config="true" duration-ms="873" started-at="2019-07-14T15:37:34Z" finished-at="2019-07-14T15:37:35Z">
          <reporter-output>
          </reporter-output>
        </test-method> <!-- applicationClose -->
      </class> <!-- VW_TC.TC0007_login_With_Partner_User -->
    </test> <!-- Default test -->
  </suite> <!-- Default suite -->
</testng-results>
