<?xml version="1.0" encoding="UTF-8"?>
<testng-results skipped="0" failed="0" ignored="0" total="9" passed="9">
  <reporter-output>
  </reporter-output>
  <suite name="Default suite" duration-ms="199044" started-at="2019-07-23T09:37:33Z" finished-at="2019-07-23T09:40:52Z">
    <groups>
    </groups>
    <test name="Default test" duration-ms="199044" started-at="2019-07-23T09:37:33Z" finished-at="2019-07-23T09:40:52Z">
      <class name="VW_TC.TC0003_login_With_Empirix_Business_Analyst">
        <test-method status="PASS" signature="applicationLaunch()[pri:0, instance:VW_TC.TC0003_login_With_Empirix_Business_Analyst@57c758ac]" name="applicationLaunch" is-config="true" duration-ms="21122" started-at="2019-07-23T09:37:33Z" finished-at="2019-07-23T09:37:54Z">
          <reporter-output>
          </reporter-output>
        </test-method> <!-- applicationLaunch -->
        <test-method status="PASS" signature="logInWithExpirixBusinessAnalyst()[pri:1, instance:VW_TC.TC0003_login_With_Empirix_Business_Analyst@57c758ac]" name="logInWithExpirixBusinessAnalyst" duration-ms="12626" started-at="2019-07-23T09:37:54Z" finished-at="2019-07-23T09:38:07Z">
          <reporter-output>
          </reporter-output>
        </test-method> <!-- logInWithExpirixBusinessAnalyst -->
        <test-method status="PASS" signature="headerMandatoryDetails()[pri:2, instance:VW_TC.TC0003_login_With_Empirix_Business_Analyst@57c758ac]" name="headerMandatoryDetails" duration-ms="386" started-at="2019-07-23T09:38:07Z" finished-at="2019-07-23T09:38:08Z">
          <reporter-output>
          </reporter-output>
        </test-method> <!-- headerMandatoryDetails -->
        <test-method status="PASS" signature="footerMandatoryDetails()[pri:3, instance:VW_TC.TC0003_login_With_Empirix_Business_Analyst@57c758ac]" name="footerMandatoryDetails" duration-ms="255" started-at="2019-07-23T09:38:08Z" finished-at="2019-07-23T09:38:08Z">
          <reporter-output>
          </reporter-output>
        </test-method> <!-- footerMandatoryDetails -->
        <test-method status="PASS" signature="TabValidation()[pri:4, instance:VW_TC.TC0003_login_With_Empirix_Business_Analyst@57c758ac]" name="TabValidation" duration-ms="406" started-at="2019-07-23T09:38:08Z" finished-at="2019-07-23T09:38:08Z">
          <reporter-output>
          </reporter-output>
        </test-method> <!-- TabValidation -->
        <test-method status="PASS" signature="dashBoardTabValidation()[pri:5, instance:VW_TC.TC0003_login_With_Empirix_Business_Analyst@57c758ac]" name="dashBoardTabValidation" duration-ms="2258" started-at="2019-07-23T09:38:08Z" finished-at="2019-07-23T09:38:10Z">
          <reporter-output>
          </reporter-output>
        </test-method> <!-- dashBoardTabValidation -->
        <test-method status="PASS" signature="alertTabValidation()[pri:6, instance:VW_TC.TC0003_login_With_Empirix_Business_Analyst@57c758ac]" name="alertTabValidation" duration-ms="1788" started-at="2019-07-23T09:38:10Z" finished-at="2019-07-23T09:38:12Z">
          <reporter-output>
          </reporter-output>
        </test-method> <!-- alertTabValidation -->
        <test-method status="PASS" signature="testTabValidation()[pri:7, instance:VW_TC.TC0003_login_With_Empirix_Business_Analyst@57c758ac]" name="testTabValidation" duration-ms="2617" started-at="2019-07-23T09:38:12Z" finished-at="2019-07-23T09:38:15Z">
          <reporter-output>
          </reporter-output>
        </test-method> <!-- testTabValidation -->
        <test-method status="PASS" signature="tagTabValidation()[pri:8, instance:VW_TC.TC0003_login_With_Empirix_Business_Analyst@57c758ac]" name="tagTabValidation" duration-ms="10667" started-at="2019-07-23T09:38:15Z" finished-at="2019-07-23T09:38:26Z">
          <reporter-output>
          </reporter-output>
        </test-method> <!-- tagTabValidation -->
        <test-method status="PASS" signature="scriptTabValidation()[pri:9, instance:VW_TC.TC0003_login_With_Empirix_Business_Analyst@57c758ac]" name="scriptTabValidation" duration-ms="146845" started-at="2019-07-23T09:38:26Z" finished-at="2019-07-23T09:40:52Z">
          <reporter-output>
          </reporter-output>
        </test-method> <!-- scriptTabValidation -->
        <test-method status="PASS" signature="applicationClose()[pri:0, instance:VW_TC.TC0003_login_With_Empirix_Business_Analyst@57c758ac]" name="applicationClose" is-config="true" duration-ms="53" started-at="2019-07-23T09:40:52Z" finished-at="2019-07-23T09:40:52Z">
          <reporter-output>
          </reporter-output>
        </test-method> <!-- applicationClose -->
      </class> <!-- VW_TC.TC0003_login_With_Empirix_Business_Analyst -->
    </test> <!-- Default test -->
  </suite> <!-- Default suite -->
</testng-results>
